\BOOKMARK [0][-]{toc.0}{Contents}{}% 1
\BOOKMARK [0][-]{chapter*.2}{List of figures}{}% 2
\BOOKMARK [0][-]{chapter*.3}{List of tables}{}% 3
\BOOKMARK [0][-]{chapter.1}{Introduction}{}% 4
\BOOKMARK [0][-]{chapter.2}{Neutrinos}{}% 5
\BOOKMARK [1][-]{section.2.1}{What are Neutrinos}{chapter.2}% 6
\BOOKMARK [1][-]{section.2.2}{History of Neutrinos}{chapter.2}% 7
\BOOKMARK [1][-]{section.2.3}{Neutrino Oscillations}{chapter.2}% 8
\BOOKMARK [1][-]{section.2.4}{Solar Oscillations and the Solar Neutrino Problem}{chapter.2}% 9
\BOOKMARK [2][-]{subsection.2.4.1}{MSW Effect}{section.2.4}% 10
\BOOKMARK [1][-]{section.2.5}{Atmospheric Oscillations and the Atmospheric Neutrino Anomaly}{chapter.2}% 11
\BOOKMARK [1][-]{section.2.6}{Two Flavour Neutrino Oscillation Formulation}{chapter.2}% 12
\BOOKMARK [1][-]{section.2.7}{Three Flavour Neutrino Oscillation Formulation}{chapter.2}% 13
\BOOKMARK [0][-]{chapter.3}{The MicroBooNE Experiment}{}% 14
\BOOKMARK [1][-]{section.3.1}{Introduction}{chapter.3}% 15
\BOOKMARK [1][-]{section.3.2}{Time Projection Chamber}{chapter.3}% 16
\BOOKMARK [1][-]{section.3.3}{Light Collection System}{chapter.3}% 17
\BOOKMARK [1][-]{section.3.4}{Electronics System}{chapter.3}% 18
\BOOKMARK [0][-]{chapter.4}{The Booster Neutrino Beam}{}% 19
\BOOKMARK [0][-]{chapter.5}{Finding the first Neutrinos in MicroBooNE}{}% 20
\BOOKMARK [0][-]{chapter.6}{CC-Inclusive Cross Section Selection Filter}{}% 21
\BOOKMARK [0][-]{chapter.7}{The importance of / separation in MicroBooNE}{}% 22
\BOOKMARK [0][-]{chapter.8}{Convolutional Neural Networks}{}% 23
\BOOKMARK [0][-]{chapter.9}{Hardware Frameworks}{}% 24
\BOOKMARK [1][-]{section.9.1}{Syracuse CPU Machine setup}{chapter.9}% 25
\BOOKMARK [1][-]{section.9.2}{Syracuse University GPU Cluster Setup}{chapter.9}% 26
\BOOKMARK [0][-]{chapter.10}{Using Convolutional Neural Networks to separate 's from 's}{}% 27
\BOOKMARK [1][-]{section.10.1}{Image Making Scheme}{chapter.10}% 28
\BOOKMARK [1][-]{section.10.2}{Convolutional Neural Network Training}{chapter.10}% 29
\BOOKMARK [1][-]{section.10.3}{Classification of MC data using Selection I Original CC-Inclusive Filter}{chapter.10}% 30
\BOOKMARK [1][-]{section.10.4}{Classification of MC data using Selection I Modified CC-Inclusive Filter}{chapter.10}% 31
\BOOKMARK [1][-]{section.10.5}{Conclusions and Future Work}{chapter.10}% 32
\BOOKMARK [0][-]{chapter.11}{Using Convolutional Neural Networks on MicroBooNE Data}{}% 33
\BOOKMARK [0][-]{chapter.12}{Comparing two CC-Inclusive Cross Section Selection Filters}{}% 34
\BOOKMARK [0][-]{chapter.13}{Conclusion}{}% 35
\BOOKMARK [0][-]{appendix.A}{Pointless extras}{}% 36
\BOOKMARK [1][-]{section.A.1}{Like, duh}{appendix.A}% 37
\BOOKMARK [1][-]{section.A.2}{y = \040x2}{appendix.A}% 38
