This is pdfTeX, Version 3.14159265-2.6-1.40.16 (TeX Live 2015/Debian) (preloaded format=pdflatex 2017.8.22)  8 NOV 2017 21:23
entering extended mode
 restricted \write18 enabled.
 %&-line parsing enabled.
**example.tex
(./example.tex
LaTeX2e <2016/02/01>
Babel <3.9q> and hyphenation patterns for 3 language(s) loaded.
(/usr/share/texlive/texmf-dist/tex/latex/manualclassinput/hepthesis.cls
Document Class: hepthesis 2014/08/27 HEP thesis class by Andy Buckley (v1.5.0)
(/usr/share/texlive/texmf-dist/tex/latex/koma-script/scrbook.cls
Document Class: scrbook 2015/10/03 v3.19a KOMA-Script document class (book)
(/usr/share/texlive/texmf-dist/tex/latex/koma-script/scrkbase.sty
Package: scrkbase 2015/10/03 v3.19a KOMA-Script package (KOMA-Script-dependent 
basics and keyval usage)

(/usr/share/texlive/texmf-dist/tex/latex/koma-script/scrbase.sty
Package: scrbase 2015/10/03 v3.19a KOMA-Script package (KOMA-Script-independent
 basics and keyval usage)

(/usr/share/texlive/texmf-dist/tex/latex/graphics/keyval.sty
Package: keyval 2014/10/28 v1.15 key=value parser (DPC)
\KV@toks@=\toks14
)
(/usr/share/texlive/texmf-dist/tex/latex/koma-script/scrlfile.sty
Package: scrlfile 2015/10/03 v3.19a KOMA-Script package (loading files)

Package scrlfile, 2015/10/03 v3.19a KOMA-Script package (loading files)
                  Copyright (C) Markus Kohm

))) (/usr/share/texlive/texmf-dist/tex/latex/koma-script/tocbasic.sty
Package: tocbasic 2015/10/03 v3.19a KOMA-Script package (handling toc-files)
)
Package tocbasic Info: omitting babel extension for `toc'
(tocbasic)             because of feature `nobabel' available
(tocbasic)             for `toc' on input line 125.
Package tocbasic Info: omitting babel extension for `lof'
(tocbasic)             because of feature `nobabel' available
(tocbasic)             for `lof' on input line 126.
Package tocbasic Info: omitting babel extension for `lot'
(tocbasic)             because of feature `nobabel' available
(tocbasic)             for `lot' on input line 127.
Package tocbasic Info: defining new hook before heading of `' on input line 158
4.
Package scrbook Info: You've used standard option `12pt'.
(scrbook)             This is correct!
(scrbook)             Internally I'm using `fontsize=12pt'.
(scrbook)             If you'd like to set the option with \KOMAoptions,
(scrbook)             you'd have to use `fontsize=12pt' there
(scrbook)             instead of `12pt', too.
Package scrbook Info: You've used standard option `12pt'.
(scrbook)             This is correct!
(scrbook)             Internally I'm using `fontsize=12pt'.
(scrbook)             If you'd like to set the option with \KOMAoptions,
(scrbook)             you'd have to use `fontsize=12pt' there
(scrbook)             instead of `12pt', too.
Class scrbook Info: File `scrsize12pt.clo' used to setup font sizes on input li
ne 2251.

(/usr/share/texlive/texmf-dist/tex/latex/koma-script/scrsize12pt.clo
File: scrsize12pt.clo 2015/10/03 v3.19a KOMA-Script font size class option (12p
t)
)
(/usr/share/texlive/texmf-dist/tex/latex/koma-script/typearea.sty
Package: typearea 2015/10/03 v3.19a KOMA-Script package (type area)

Package typearea, 2015/10/03 v3.19a KOMA-Script package (type area)
                  Copyright (C) Frank Neukam, 1992-1994
                  Copyright (C) Markus Kohm, 1994-

\ta@bcor=\skip41
\ta@div=\count79
\ta@hblk=\skip42
\ta@vblk=\skip43
\ta@temp=\skip44
\footheight=\skip45
Package typearea Info: These are the values describing the layout:
(typearea)             DIV  = 12
(typearea)             BCOR = 0.0pt
(typearea)             \paperwidth      = 597.50793pt
(typearea)              \textwidth      = 448.13095pt
(typearea)              DIV departure   = -6%
(typearea)              \evensidemargin = 27.31467pt
(typearea)              \oddsidemargin  = -22.47766pt
(typearea)             \paperheight     = 845.04694pt
(typearea)              \textheight     = 635.5pt
(typearea)              \topmargin      = -41.72441pt
(typearea)              \headheight     = 18.125pt
(typearea)              \headsep        = 21.75pt
(typearea)              \topskip        = 12.0pt
(typearea)              \footskip       = 50.75pt
(typearea)              \baselineskip   = 14.5pt
(typearea)              on input line 1509.
)
\c@part=\count80
\c@chapter=\count81
\c@section=\count82
\c@subsection=\count83
\c@subsubsection=\count84
\c@paragraph=\count85
\c@subparagraph=\count86
LaTeX Info: Redefining \textsubscript on input line 4654.
\abovecaptionskip=\skip46
\belowcaptionskip=\skip47
\c@pti@nb@sid@b@x=\box26
\c@figure=\count87
\c@table=\count88
\bibindent=\dimen102
) (/usr/share/texlive/texmf-dist/tex/latex/base/fontenc.sty
Package: fontenc 2005/09/27 v1.99g Standard LaTeX package

(/usr/share/texlive/texmf-dist/tex/latex/base/t1enc.def
File: t1enc.def 2005/09/27 v1.99g Standard LaTeX file
LaTeX Font Info:    Redeclaring font encoding T1 on input line 48.
))
(/usr/share/texlive/texmf-dist/tex/latex/etoolbox.sty
Package: etoolbox 2015/08/02 v2.2a e-TeX tools for LaTeX (JAW)
\etb@tempcnta=\count89
)
(/usr/share/texlive/texmf-dist/tex/latex/microtype/microtype.sty
Package: microtype 2013/05/23 v2.5a Micro-typographical refinements (RS)
\MT@toks=\toks15
\MT@count=\count90
LaTeX Info: Redefining \textls on input line 766.
\MT@outer@kern=\dimen103
LaTeX Info: Redefining \textmicrotypecontext on input line 1285.
\MT@listname@count=\count91

(/usr/share/texlive/texmf-dist/tex/latex/microtype/microtype-pdftex.def
File: microtype-pdftex.def 2013/05/23 v2.5a Definitions specific to pdftex (RS)

LaTeX Info: Redefining \lsstyle on input line 915.
LaTeX Info: Redefining \lslig on input line 915.
\MT@outer@space=\skip48
)
Package microtype Info: Loading configuration file microtype.cfg.

(/usr/share/texlive/texmf-dist/tex/latex/microtype/microtype.cfg
File: microtype.cfg 2013/05/23 v2.5a microtype main configuration file (RS)
))
(/usr/share/texlive/texmf-dist/tex/latex/changepage/changepage.sty
Package: changepage 2009/10/20 v1.0c check page and change page layout
\c@cp@cntr=\count92
\cp@tempcnt=\count93
)
(/usr/share/texlive/texmf-dist/tex/latex/manualclassinput/varwidth.sty
Package: varwidth 2003/03/10 ver 0.9a;  Variable-width minipages
\@vwid@box=\box27
\sift@deathcycles=\count94
\@vwid@loff=\dimen104
\@vwid@roff=\dimen105
)
(/usr/share/texlive/texmf-dist/tex/latex/amsmath/amsmath.sty
Package: amsmath 2016/03/03 v2.15a AMS math features
\@mathmargin=\skip49

For additional information on amsmath, use the `?' option.
(/usr/share/texlive/texmf-dist/tex/latex/amsmath/amstext.sty
Package: amstext 2000/06/29 v2.01 AMS text

(/usr/share/texlive/texmf-dist/tex/latex/amsmath/amsgen.sty
File: amsgen.sty 1999/11/30 v2.0 generic functions
\@emptytoks=\toks16
\ex@=\dimen106
))
(/usr/share/texlive/texmf-dist/tex/latex/amsmath/amsbsy.sty
Package: amsbsy 1999/11/29 v1.2d Bold Symbols
\pmbraise@=\dimen107
)
(/usr/share/texlive/texmf-dist/tex/latex/amsmath/amsopn.sty
Package: amsopn 1999/12/14 v2.01 operator names
)
\inf@bad=\count95
LaTeX Info: Redefining \frac on input line 199.
\uproot@=\count96
\leftroot@=\count97
LaTeX Info: Redefining \overline on input line 297.
\classnum@=\count98
\DOTSCASE@=\count99
LaTeX Info: Redefining \ldots on input line 394.
LaTeX Info: Redefining \dots on input line 397.
LaTeX Info: Redefining \cdots on input line 518.
\Mathstrutbox@=\box28
\strutbox@=\box29
\big@size=\dimen108
LaTeX Font Info:    Redeclaring font encoding OML on input line 630.
LaTeX Font Info:    Redeclaring font encoding OMS on input line 631.
\macc@depth=\count100
\c@MaxMatrixCols=\count101
\dotsspace@=\muskip10
\c@parentequation=\count102
\dspbrk@lvl=\count103
\tag@help=\toks17
\row@=\count104
\column@=\count105
\maxfields@=\count106
\andhelp@=\toks18
\eqnshift@=\dimen109
\alignsep@=\dimen110
\tagshift@=\dimen111
\tagwidth@=\dimen112
\totwidth@=\dimen113
\lineht@=\dimen114
\@envbody=\toks19
\multlinegap=\skip50
\multlinetaggap=\skip51
\mathdisplay@stack=\toks20
LaTeX Info: Redefining \[ on input line 2735.
LaTeX Info: Redefining \] on input line 2736.
)
Package scrkbase Info: You've told me to extend the font selection of the
(scrkbase)             element `sectioning' that is an alias of element
(scrkbase)             `disposition' on input line 269.

(/usr/share/texlive/texmf-dist/tex/latex/booktabs/booktabs.sty
Package: booktabs 2005/04/14 v1.61803 publication quality tables
\heavyrulewidth=\dimen115
\lightrulewidth=\dimen116
\cmidrulewidth=\dimen117
\belowrulesep=\dimen118
\belowbottomsep=\dimen119
\aboverulesep=\dimen120
\abovetopsep=\dimen121
\cmidrulesep=\dimen122
\cmidrulekern=\dimen123
\defaultaddspace=\dimen124
\@cmidla=\count107
\@cmidlb=\count108
\@aboverulesep=\dimen125
\@belowrulesep=\dimen126
\@thisruleclass=\count109
\@lastruleclass=\count110
\@thisrulewidth=\dimen127
)
(/usr/share/texlive/texmf-dist/tex/latex/setspace/setspace.sty
Package: setspace 2011/12/19 v6.7a set line spacing
)

Class scrbook Warning: Usage of package `fancyhdr' together
(scrbook)              with a KOMA-Script class is not recommended.
(scrbook)              I'd suggest to use 
(scrbook)              package `scrlayer-scrpage'.
(scrbook)              Nevertheless, using requested
(scrbook)              package `fancyhdr' on input line 312.

(/usr/share/texlive/texmf-dist/tex/latex/fancyhdr/fancyhdr.sty
\fancy@headwidth=\skip52
\f@ncyO@elh=\skip53
\f@ncyO@erh=\skip54
\f@ncyO@olh=\skip55
\f@ncyO@orh=\skip56
\f@ncyO@elf=\skip57
\f@ncyO@erf=\skip58
\f@ncyO@olf=\skip59
\f@ncyO@orf=\skip60
)
(/usr/share/texlive/texmf-dist/tex/latex/tocbibind/tocbibind.sty
Package: tocbibind 2010/10/13 v1.5k extra ToC listings
Package tocbibind Info: The document has chapter divisions on input line 50.


Package tocbibind Note: Using chapter style headings, unless overridden.

) (/usr/share/texlive/texmf-dist/tex/latex/comment/comment.sty
\CommentStream=\write3

Excluding comment 'comment')
(/usr/share/texlive/texmf-dist/tex/latex/rotating/rotating.sty
Package: rotating 2009/03/28 v2.16a rotated objects in LaTeX

(/usr/share/texlive/texmf-dist/tex/latex/graphics/graphicx.sty
Package: graphicx 2014/10/28 v1.0g Enhanced LaTeX Graphics (DPC,SPQR)

(/usr/share/texlive/texmf-dist/tex/latex/graphics/graphics.sty
Package: graphics 2016/01/03 v1.0q Standard LaTeX Graphics (DPC,SPQR)

(/usr/share/texlive/texmf-dist/tex/latex/graphics/trig.sty
Package: trig 2016/01/03 v1.10 sin cos tan (DPC)
)
(/usr/share/texlive/texmf-dist/tex/latex/latexconfig/graphics.cfg
File: graphics.cfg 2010/04/23 v1.9 graphics configuration of TeX Live
)
Package graphics Info: Driver file: pdftex.def on input line 95.

(/usr/share/texlive/texmf-dist/tex/latex/pdftex-def/pdftex.def
File: pdftex.def 2011/05/27 v0.06d Graphics/color for pdfTeX

(/usr/share/texlive/texmf-dist/tex/generic/oberdiek/infwarerr.sty
Package: infwarerr 2010/04/08 v1.3 Providing info/warning/error messages (HO)
)
(/usr/share/texlive/texmf-dist/tex/generic/oberdiek/ltxcmds.sty
Package: ltxcmds 2011/11/09 v1.22 LaTeX kernel commands for general use (HO)
)
\Gread@gobject=\count111
))
\Gin@req@height=\dimen128
\Gin@req@width=\dimen129
)
(/usr/share/texlive/texmf-dist/tex/latex/base/ifthen.sty
Package: ifthen 2014/09/29 v1.1c Standard LaTeX ifthen package (DPC)
)
\c@r@tfl@t=\count112
\rotFPtop=\skip61
\rotFPbot=\skip62
\rot@float@box=\box30
\rot@mess@toks=\toks21
)
(/usr/share/texlive/texmf-dist/tex/latex/caption/caption.sty
Package: caption 2016/02/21 v3.3-144 Customizing captions (AR)

(/usr/share/texlive/texmf-dist/tex/latex/caption/caption3.sty
Package: caption3 2016/02/04 v1.7-139 caption3 kernel (AR)
Package caption3 Info: TeX engine: e-TeX on input line 67.
\captionmargin=\dimen130
\captionmargin@=\dimen131
\captionwidth=\dimen132
\caption@tempdima=\dimen133
\caption@indent=\dimen134
\caption@parindent=\dimen135
\caption@hangindent=\dimen136
)
Package caption Info: KOMA-Script document class.
\c@ContinuedFloat=\count113
Package caption Info: rotating package is loaded.
)
(/usr/share/texlive/texmf-dist/tex/latex/tools/afterpage.sty
Package: afterpage 2014/10/28 v1.08 After-Page Package (DPC)
\AP@output=\toks22
\AP@partial=\box31
\AP@footins=\box32
)
\@bindextramargin=\skip63
\@mainmatterextramargin=\skip64
\@backmatterextramargin=\skip65
\@frontmatterextramargin=\skip66
\@appendixextramargin=\skip67
\@abstractextramargin=\skip68
\@declarationextramargin=\skip69
\@acknowledgementsextramargin=\skip70
\@prefaceextramargin=\skip71
\@pagequoteextramargin=\skip72
\@frontmattertopskip=\skip73
\@frontmattertitletopskip=\skip74
\frontmattertitleskip=\skip75
\smallfigwidth=\skip76
\mediumfigwidth=\skip77
\largefigwidth=\skip78
\hugefigwidth=\skip79
\littlefigwidth=\skip80
\bigfigwidth=\skip81

Special comment 'frontmatter' Special comment 'mainmatter'
Special comment 'appendices' Special comment 'backmatter'
LaTeX Info: Redefining \titlepage on input line 686.
\@oldparindent=\skip82
LaTeX Info: Redefining \dedication on input line 740.
)
(/usr/share/texlive/texmf-dist/tex/latex/psnfss/mathpazo.sty
Package: mathpazo 2005/04/12 PSNFSS-v9.2a Palatino w/ Pazo Math (D.Puga, WaS) 
\symupright=\mathgroup4
)
(/usr/share/texlive/texmf-dist/tex/latex/lineno/lineno.sty
Package: lineno 2005/11/02 line numbers on paragraphs v4.41
\linenopenalty=\count114
\output=\toks23
\linenoprevgraf=\count115
\linenumbersep=\dimen137
\linenumberwidth=\dimen138
\c@linenumber=\count116
\c@pagewiselinenumber=\count117
\c@LN@truepage=\count118
\c@internallinenumber=\count119
\c@internallinenumbers=\count120
\quotelinenumbersep=\dimen139
\bframerule=\dimen140
\bframesep=\dimen141
\bframebox=\box33
LaTeX Info: Redefining \\ on input line 3056.
) (./preamble.tex
(/usr/share/texlive/texmf-dist/tex/latex/tools/xspace.sty
Package: xspace 2014/10/28 v1.13 Space after command names (DPC,MH)
)
(/usr/share/texlive/texmf-dist/tex/latex/pgf/frontendlayer/tikz.sty
(/usr/share/texlive/texmf-dist/tex/latex/pgf/basiclayer/pgf.sty
(/usr/share/texlive/texmf-dist/tex/latex/pgf/utilities/pgfrcs.sty
(/usr/share/texlive/texmf-dist/tex/generic/pgf/utilities/pgfutil-common.tex
\pgfutil@everybye=\toks24
\pgfutil@tempdima=\dimen142
\pgfutil@tempdimb=\dimen143

(/usr/share/texlive/texmf-dist/tex/generic/pgf/utilities/pgfutil-common-lists.t
ex)) (/usr/share/texlive/texmf-dist/tex/generic/pgf/utilities/pgfutil-latex.def
\pgfutil@abb=\box34
(/usr/share/texlive/texmf-dist/tex/latex/ms/everyshi.sty
Package: everyshi 2001/05/15 v3.00 EveryShipout Package (MS)
))
(/usr/share/texlive/texmf-dist/tex/generic/pgf/utilities/pgfrcs.code.tex
Package: pgfrcs 2015/08/07 v3.0.1a (rcs-revision 1.31)
))
Package: pgf 2015/08/07 v3.0.1a (rcs-revision 1.15)

(/usr/share/texlive/texmf-dist/tex/latex/pgf/basiclayer/pgfcore.sty
(/usr/share/texlive/texmf-dist/tex/latex/pgf/systemlayer/pgfsys.sty
(/usr/share/texlive/texmf-dist/tex/generic/pgf/systemlayer/pgfsys.code.tex
Package: pgfsys 2014/07/09 v3.0.1a (rcs-revision 1.48)

(/usr/share/texlive/texmf-dist/tex/generic/pgf/utilities/pgfkeys.code.tex
\pgfkeys@pathtoks=\toks25
\pgfkeys@temptoks=\toks26

(/usr/share/texlive/texmf-dist/tex/generic/pgf/utilities/pgfkeysfiltered.code.t
ex
\pgfkeys@tmptoks=\toks27
))
\pgf@x=\dimen144
\pgf@y=\dimen145
\pgf@xa=\dimen146
\pgf@ya=\dimen147
\pgf@xb=\dimen148
\pgf@yb=\dimen149
\pgf@xc=\dimen150
\pgf@yc=\dimen151
\w@pgf@writea=\write4
\r@pgf@reada=\read1
\c@pgf@counta=\count121
\c@pgf@countb=\count122
\c@pgf@countc=\count123
\c@pgf@countd=\count124
\t@pgf@toka=\toks28
\t@pgf@tokb=\toks29
\t@pgf@tokc=\toks30
 (/usr/share/texlive/texmf-dist/tex/generic/pgf/systemlayer/pgf.cfg
File: pgf.cfg 2008/05/14  (rcs-revision 1.7)
)
Driver file for pgf: pgfsys-pdftex.def

(/usr/share/texlive/texmf-dist/tex/generic/pgf/systemlayer/pgfsys-pdftex.def
File: pgfsys-pdftex.def 2014/10/11  (rcs-revision 1.35)

(/usr/share/texlive/texmf-dist/tex/generic/pgf/systemlayer/pgfsys-common-pdf.de
f
File: pgfsys-common-pdf.def 2013/10/10  (rcs-revision 1.13)
)))
(/usr/share/texlive/texmf-dist/tex/generic/pgf/systemlayer/pgfsyssoftpath.code.
tex
File: pgfsyssoftpath.code.tex 2013/09/09  (rcs-revision 1.9)
\pgfsyssoftpath@smallbuffer@items=\count125
\pgfsyssoftpath@bigbuffer@items=\count126
)
(/usr/share/texlive/texmf-dist/tex/generic/pgf/systemlayer/pgfsysprotocol.code.
tex
File: pgfsysprotocol.code.tex 2006/10/16  (rcs-revision 1.4)
)) (/usr/share/texlive/texmf-dist/tex/latex/xcolor/xcolor.sty
Package: xcolor 2007/01/21 v2.11 LaTeX color extensions (UK)

(/usr/share/texlive/texmf-dist/tex/latex/latexconfig/color.cfg
File: color.cfg 2007/01/18 v1.5 color configuration of teTeX/TeXLive
)
Package xcolor Info: Driver file: pdftex.def on input line 225.

(/usr/share/texlive/texmf-dist/tex/latex/colortbl/colortbl.sty
Package: colortbl 2012/02/13 v1.0a Color table columns (DPC)

(/usr/share/texlive/texmf-dist/tex/latex/tools/array.sty
Package: array 2014/10/28 v2.4c Tabular extension package (FMi)
\col@sep=\dimen152
\extrarowheight=\dimen153
\NC@list=\toks31
\extratabsurround=\skip83
\backup@length=\skip84
)
\everycr=\toks32
\minrowclearance=\skip85
)
\rownum=\count127
Package xcolor Info: Model `cmy' substituted by `cmy0' on input line 1337.
Package xcolor Info: Model `hsb' substituted by `rgb' on input line 1341.
Package xcolor Info: Model `RGB' extended on input line 1353.
Package xcolor Info: Model `HTML' substituted by `rgb' on input line 1355.
Package xcolor Info: Model `Hsb' substituted by `hsb' on input line 1356.
Package xcolor Info: Model `tHsb' substituted by `hsb' on input line 1357.
Package xcolor Info: Model `HSB' substituted by `hsb' on input line 1358.
Package xcolor Info: Model `Gray' substituted by `gray' on input line 1359.
Package xcolor Info: Model `wave' substituted by `hsb' on input line 1360.

(/usr/share/texlive/texmf-dist/tex/latex/graphics/dvipsnam.def
File: dvipsnam.def 2015/12/30 v3.0k Driver-dependent file (DPC,SPQR)
)
(/usr/share/texlive/texmf-dist/tex/latex/xcolor/svgnam.def
File: svgnam.def 2007/01/21 v2.11 Predefined colors according to SVG 1.1 (UK)
))
(/usr/share/texlive/texmf-dist/tex/generic/pgf/basiclayer/pgfcore.code.tex
Package: pgfcore 2010/04/11 v3.0.1a (rcs-revision 1.7)

(/usr/share/texlive/texmf-dist/tex/generic/pgf/math/pgfmath.code.tex
(/usr/share/texlive/texmf-dist/tex/generic/pgf/math/pgfmathcalc.code.tex
(/usr/share/texlive/texmf-dist/tex/generic/pgf/math/pgfmathutil.code.tex)
(/usr/share/texlive/texmf-dist/tex/generic/pgf/math/pgfmathparser.code.tex
\pgfmath@dimen=\dimen154
\pgfmath@count=\count128
\pgfmath@box=\box35
\pgfmath@toks=\toks33
\pgfmath@stack@operand=\toks34
\pgfmath@stack@operation=\toks35
)
(/usr/share/texlive/texmf-dist/tex/generic/pgf/math/pgfmathfunctions.code.tex
(/usr/share/texlive/texmf-dist/tex/generic/pgf/math/pgfmathfunctions.basic.code
.tex)
(/usr/share/texlive/texmf-dist/tex/generic/pgf/math/pgfmathfunctions.trigonomet
ric.code.tex)
(/usr/share/texlive/texmf-dist/tex/generic/pgf/math/pgfmathfunctions.random.cod
e.tex)
(/usr/share/texlive/texmf-dist/tex/generic/pgf/math/pgfmathfunctions.comparison
.code.tex)
(/usr/share/texlive/texmf-dist/tex/generic/pgf/math/pgfmathfunctions.base.code.
tex)
(/usr/share/texlive/texmf-dist/tex/generic/pgf/math/pgfmathfunctions.round.code
.tex)
(/usr/share/texlive/texmf-dist/tex/generic/pgf/math/pgfmathfunctions.misc.code.
tex)
(/usr/share/texlive/texmf-dist/tex/generic/pgf/math/pgfmathfunctions.integerari
thmetics.code.tex)))
(/usr/share/texlive/texmf-dist/tex/generic/pgf/math/pgfmathfloat.code.tex
\c@pgfmathroundto@lastzeros=\count129
))
(/usr/share/texlive/texmf-dist/tex/generic/pgf/basiclayer/pgfcorepoints.code.te
x
File: pgfcorepoints.code.tex 2013/10/07  (rcs-revision 1.27)
\pgf@picminx=\dimen155
\pgf@picmaxx=\dimen156
\pgf@picminy=\dimen157
\pgf@picmaxy=\dimen158
\pgf@pathminx=\dimen159
\pgf@pathmaxx=\dimen160
\pgf@pathminy=\dimen161
\pgf@pathmaxy=\dimen162
\pgf@xx=\dimen163
\pgf@xy=\dimen164
\pgf@yx=\dimen165
\pgf@yy=\dimen166
\pgf@zx=\dimen167
\pgf@zy=\dimen168
)
(/usr/share/texlive/texmf-dist/tex/generic/pgf/basiclayer/pgfcorepathconstruct.
code.tex
File: pgfcorepathconstruct.code.tex 2013/10/07  (rcs-revision 1.29)
\pgf@path@lastx=\dimen169
\pgf@path@lasty=\dimen170
)
(/usr/share/texlive/texmf-dist/tex/generic/pgf/basiclayer/pgfcorepathusage.code
.tex
File: pgfcorepathusage.code.tex 2014/11/02  (rcs-revision 1.24)
\pgf@shorten@end@additional=\dimen171
\pgf@shorten@start@additional=\dimen172
)
(/usr/share/texlive/texmf-dist/tex/generic/pgf/basiclayer/pgfcorescopes.code.te
x
File: pgfcorescopes.code.tex 2015/05/08  (rcs-revision 1.46)
\pgfpic=\box36
\pgf@hbox=\box37
\pgf@layerbox@main=\box38
\pgf@picture@serial@count=\count130
)
(/usr/share/texlive/texmf-dist/tex/generic/pgf/basiclayer/pgfcoregraphicstate.c
ode.tex
File: pgfcoregraphicstate.code.tex 2014/11/02  (rcs-revision 1.12)
\pgflinewidth=\dimen173
)
(/usr/share/texlive/texmf-dist/tex/generic/pgf/basiclayer/pgfcoretransformation
s.code.tex
File: pgfcoretransformations.code.tex 2015/08/07  (rcs-revision 1.20)
\pgf@pt@x=\dimen174
\pgf@pt@y=\dimen175
\pgf@pt@temp=\dimen176
)
(/usr/share/texlive/texmf-dist/tex/generic/pgf/basiclayer/pgfcorequick.code.tex
File: pgfcorequick.code.tex 2008/10/09  (rcs-revision 1.3)
)
(/usr/share/texlive/texmf-dist/tex/generic/pgf/basiclayer/pgfcoreobjects.code.t
ex
File: pgfcoreobjects.code.tex 2006/10/11  (rcs-revision 1.2)
)
(/usr/share/texlive/texmf-dist/tex/generic/pgf/basiclayer/pgfcorepathprocessing
.code.tex
File: pgfcorepathprocessing.code.tex 2013/09/09  (rcs-revision 1.9)
)
(/usr/share/texlive/texmf-dist/tex/generic/pgf/basiclayer/pgfcorearrows.code.te
x
File: pgfcorearrows.code.tex 2015/05/14  (rcs-revision 1.43)
\pgfarrowsep=\dimen177
)
(/usr/share/texlive/texmf-dist/tex/generic/pgf/basiclayer/pgfcoreshade.code.tex
File: pgfcoreshade.code.tex 2013/07/15  (rcs-revision 1.15)
\pgf@max=\dimen178
\pgf@sys@shading@range@num=\count131
)
(/usr/share/texlive/texmf-dist/tex/generic/pgf/basiclayer/pgfcoreimage.code.tex
File: pgfcoreimage.code.tex 2013/07/15  (rcs-revision 1.18)

(/usr/share/texlive/texmf-dist/tex/generic/pgf/basiclayer/pgfcoreexternal.code.
tex
File: pgfcoreexternal.code.tex 2014/07/09  (rcs-revision 1.21)
\pgfexternal@startupbox=\box39
))
(/usr/share/texlive/texmf-dist/tex/generic/pgf/basiclayer/pgfcorelayers.code.te
x
File: pgfcorelayers.code.tex 2013/07/18  (rcs-revision 1.7)
)
(/usr/share/texlive/texmf-dist/tex/generic/pgf/basiclayer/pgfcoretransparency.c
ode.tex
File: pgfcoretransparency.code.tex 2013/09/30  (rcs-revision 1.5)
)
(/usr/share/texlive/texmf-dist/tex/generic/pgf/basiclayer/pgfcorepatterns.code.
tex
File: pgfcorepatterns.code.tex 2013/11/07  (rcs-revision 1.5)
)))
(/usr/share/texlive/texmf-dist/tex/generic/pgf/modules/pgfmoduleshapes.code.tex
File: pgfmoduleshapes.code.tex 2014/03/21  (rcs-revision 1.35)
\pgfnodeparttextbox=\box40
) (/usr/share/texlive/texmf-dist/tex/generic/pgf/modules/pgfmoduleplot.code.tex
File: pgfmoduleplot.code.tex 2015/08/03  (rcs-revision 1.13)
)
(/usr/share/texlive/texmf-dist/tex/latex/pgf/compatibility/pgfcomp-version-0-65
.sty
Package: pgfcomp-version-0-65 2007/07/03 v3.0.1a (rcs-revision 1.7)
\pgf@nodesepstart=\dimen179
\pgf@nodesepend=\dimen180
)
(/usr/share/texlive/texmf-dist/tex/latex/pgf/compatibility/pgfcomp-version-1-18
.sty
Package: pgfcomp-version-1-18 2007/07/23 v3.0.1a (rcs-revision 1.1)
)) (/usr/share/texlive/texmf-dist/tex/latex/pgf/utilities/pgffor.sty
(/usr/share/texlive/texmf-dist/tex/latex/pgf/utilities/pgfkeys.sty
(/usr/share/texlive/texmf-dist/tex/generic/pgf/utilities/pgfkeys.code.tex))
(/usr/share/texlive/texmf-dist/tex/latex/pgf/math/pgfmath.sty
(/usr/share/texlive/texmf-dist/tex/generic/pgf/math/pgfmath.code.tex))
(/usr/share/texlive/texmf-dist/tex/generic/pgf/utilities/pgffor.code.tex
Package: pgffor 2013/12/13 v3.0.1a (rcs-revision 1.25)

(/usr/share/texlive/texmf-dist/tex/generic/pgf/math/pgfmath.code.tex)
\pgffor@iter=\dimen181
\pgffor@skip=\dimen182
\pgffor@stack=\toks36
\pgffor@toks=\toks37
))
(/usr/share/texlive/texmf-dist/tex/generic/pgf/frontendlayer/tikz/tikz.code.tex
Package: tikz 2015/08/07 v3.0.1a (rcs-revision 1.151)

(/usr/share/texlive/texmf-dist/tex/generic/pgf/libraries/pgflibraryplothandlers
.code.tex
File: pgflibraryplothandlers.code.tex 2013/08/31 v3.0.1a (rcs-revision 1.20)
\pgf@plot@mark@count=\count132
\pgfplotmarksize=\dimen183
)
\tikz@lastx=\dimen184
\tikz@lasty=\dimen185
\tikz@lastxsaved=\dimen186
\tikz@lastysaved=\dimen187
\tikzleveldistance=\dimen188
\tikzsiblingdistance=\dimen189
\tikz@figbox=\box41
\tikz@figbox@bg=\box42
\tikz@tempbox=\box43
\tikz@tempbox@bg=\box44
\tikztreelevel=\count133
\tikznumberofchildren=\count134
\tikznumberofcurrentchild=\count135
\tikz@fig@count=\count136

(/usr/share/texlive/texmf-dist/tex/generic/pgf/modules/pgfmodulematrix.code.tex
File: pgfmodulematrix.code.tex 2013/09/17  (rcs-revision 1.8)
\pgfmatrixcurrentrow=\count137
\pgfmatrixcurrentcolumn=\count138
\pgf@matrix@numberofcolumns=\count139
)
\tikz@expandcount=\count140

(/usr/share/texlive/texmf-dist/tex/generic/pgf/frontendlayer/tikz/libraries/tik
zlibrarytopaths.code.tex
File: tikzlibrarytopaths.code.tex 2008/06/17 v3.0.1a (rcs-revision 1.2)
)))
(/usr/share/texlive/texmf-dist/tex/latex/caption/subcaption.sty
Package: subcaption 2016/02/20 v1.1-142 Sub-captions (AR)
\c@subfigure=\count141
\c@subtable=\count142
)
(/usr/share/texlive/texmf-dist/tex/latex/morefloats/morefloats.sty
Package: morefloats 2015/07/22 v1.0h Raise limit of unprocessed floats (HMM)

(/usr/share/texlive/texmf-dist/tex/latex/oberdiek/kvoptions.sty
Package: kvoptions 2011/06/30 v3.11 Key value format for package options (HO)

(/usr/share/texlive/texmf-dist/tex/generic/oberdiek/kvsetkeys.sty
Package: kvsetkeys 2012/04/25 v1.16 Key value parser (HO)

(/usr/share/texlive/texmf-dist/tex/generic/oberdiek/etexcmds.sty
Package: etexcmds 2011/02/16 v1.5 Avoid name clashes with e-TeX commands (HO)

(/usr/share/texlive/texmf-dist/tex/generic/oberdiek/ifluatex.sty
Package: ifluatex 2010/03/01 v1.3 Provides the ifluatex switch (HO)
Package ifluatex Info: LuaTeX not detected.
)
Package etexcmds Info: Could not find \expanded.
(etexcmds)             That can mean that you are not using pdfTeX 1.50 or
(etexcmds)             that some package has redefined \expanded.
(etexcmds)             In the latter case, load this package earlier.
)))
Package morefloats Info: Maximum number of possible floats asked for: 36
(morefloats)             (i.e. 18 more floats).
(morefloats)             LaTeX might run out of memory before this
(morefloats)             (in which case it will notify you).
)
(/usr/share/texlive/texmf-dist/tex/latex/jknapltx/mathrsfs.sty
Package: mathrsfs 1996/01/01 Math RSFS package v1.0 (jk)
\symrsfs=\mathgroup5
)
(/usr/share/texlive/texmf-dist/tex/latex/tools/verbatim.sty
Package: verbatim 2014/10/28 v1.5q LaTeX2e package for verbatim enhancements
\every@verbatim=\toks38
\verbatim@line=\toks39
\verbatim@in@stream=\read2
)
(/usr/share/texlive/texmf-dist/tex/latex/wrapfig/wrapfig.sty
\wrapoverhang=\dimen190
\WF@size=\dimen191
\c@WF@wrappedlines=\count143
\WF@box=\box45
\WF@everypar=\toks40
Package: wrapfig 2003/01/31  v 3.6
)
(/usr/share/texlive/texmf-dist/tex/latex/sidecap/sidecap.sty
Package: sidecap 2003/06/06 v1.6f SideCap Package (RN/HjG)
\SC@BOXWD=\dimen192
\SC@CAPWD=\dimen193
\SC@tempdima=\dimen194
\SC@tempdimb=\dimen195
\c@SC@C=\count144
\SC@BOX=\box46
)
(/usr/share/texlive/texmf-dist/tex/latex/pgfgantt/pgfgantt.sty
Package: pgfgantt 2013/06/01 v4.0 Draw Gantt diagrams with TikZ

(/usr/share/texlive/texmf-dist/tex/generic/pgf/frontendlayer/tikz/libraries/tik
zlibraryarrows.code.tex
File: tikzlibraryarrows.code.tex 2008/01/09 v3.0.1a (rcs-revision 1.1)

(/usr/share/texlive/texmf-dist/tex/generic/pgf/libraries/pgflibraryarrows.code.
tex
File: pgflibraryarrows.code.tex 2013/09/23 v3.0.1a (rcs-revision 1.16)
\arrowsize=\dimen196
))
(/usr/share/texlive/texmf-dist/tex/generic/pgf/frontendlayer/tikz/libraries/tik
zlibrarybackgrounds.code.tex
File: tikzlibrarybackgrounds.code.tex 2013/07/18 v3.0.1a (rcs-revision 1.3)
\pgf@layerbox@background=\box47
\pgf@layerboxsaved@background=\box48
)
(/usr/share/texlive/texmf-dist/tex/generic/pgf/frontendlayer/tikz/libraries/tik
zlibrarycalc.code.tex
File: tikzlibrarycalc.code.tex 2013/07/15 v3.0.1a (rcs-revision 1.9)
)
(/usr/share/texlive/texmf-dist/tex/generic/pgf/frontendlayer/tikz/libraries/tik
zlibrarypatterns.code.tex
File: tikzlibrarypatterns.code.tex 2008/01/15 v3.0.1a (rcs-revision 1.2)

(/usr/share/texlive/texmf-dist/tex/generic/pgf/libraries/pgflibrarypatterns.cod
e.tex
File: pgflibrarypatterns.code.tex 2008/03/03 v3.0.1a (rcs-revision 1.13)
))
(/usr/share/texlive/texmf-dist/tex/generic/pgf/frontendlayer/tikz/libraries/tik
zlibrarypositioning.code.tex
File: tikzlibrarypositioning.code.tex 2008/10/06 v3.0.1a (rcs-revision 1.7)
)
(/usr/share/texlive/texmf-dist/tex/generic/pgf/frontendlayer/tikz/libraries/tik
zlibraryshapes.geometric.code.tex
File: tikzlibraryshapes.geometric.code.tex 2008/01/09 v3.0.1a (rcs-revision 1.1
)

(/usr/share/texlive/texmf-dist/tex/generic/pgf/libraries/shapes/pgflibraryshape
s.geometric.code.tex
File: pgflibraryshapes.geometric.code.tex 2008/06/26 v3.0.1a (rcs-revision 1.1)

))
(/usr/share/texlive/texmf-dist/tex/latex/pgf/utilities/pgfcalendar.sty
(/usr/share/texlive/texmf-dist/tex/generic/pgf/utilities/pgfcalendar.code.tex
File: pgfcalendar.code.tex 2007/07/23 v3.0.1a (rcs-revision 1.11)
\pgfcalendarcurrentjulian=\count145
))
\gtt@currentline=\count146
\gtt@lasttitleline=\count147
\gtt@currgrid=\count148
\gtt@chartwidth=\count149
\gtt@lasttitleslot=\count150
\gtt@elementid=\count151
\gtt@today@slot=\count152
\gtt@startjulian=\count153
\gtt@endjulian=\count154
\gtt@calendar@slots=\count155
\gtt@calendar@weeknumber=\count156
\gtt@calendar@startofweek=\count157
\gtt@left@slot=\count158
\gtt@right@slot=\count159
) (/usr/share/texlive/texmf-dist/tex/generic/babel/babel.sty
Package: babel 2016/02/24 3.9q The Babel package

(/usr/share/texlive/texmf-dist/tex/generic/babel-english/english.ldf
Language: english 2012/08/20 v3.3p English support from the babel system

(/usr/share/texlive/texmf-dist/tex/generic/babel/babel.def
File: babel.def 2016/02/24 3.9q Babel common definitions
\babel@savecnt=\count160
\U@D=\dimen197
)
\l@british = a dialect from \language\l@english 
\l@UKenglish = a dialect from \language\l@english 
\l@canadian = a dialect from \language\l@american 
\l@australian = a dialect from \language\l@british 
\l@newzealand = a dialect from \language\l@british 
))
(/usr/share/texlive/texmf-dist/tex/latex/cite/cite.sty
LaTeX Info: Redefining \cite on input line 302.
LaTeX Info: Redefining \nocite on input line 332.
Package: cite 2015/02/27  v 5.5
)
(/usr/share/texlive/texmf-dist/tex/latex/manualclassinput/abmath.sty
Package: abmath 2006/04/12

(/usr/share/texlive/texmf-dist/tex/latex/maybemath/maybemath.sty
Package: maybemath 2005/2/22

(/usr/share/texlive/texmf-dist/tex/latex/tools/bm.sty
Package: bm 2014/10/28 v1.1c Bold Symbol Support (DPC/FMi)
\symboldoperators=\mathgroup6
\symboldletters=\mathgroup7
\symboldsymbols=\mathgroup8
\symboldupright=\mathgroup9
LaTeX Font Info:    Redeclaring math alphabet \mathbf on input line 141.
LaTeX Info: Redefining \bm on input line 207.
))
(/usr/share/texlive/texmf-dist/tex/latex/braket/braket.sty)
LaTeX Info: Redefining \pm on input line 50.
LaTeX Info: Redefining \mp on input line 52.
LaTeX Info: Redefining \vert on input line 54.
LaTeX Info: Redefining \to on input line 56.
LaTeX Info: Redefining \sim on input line 58.
LaTeX Info: Redefining \implies on input line 60.
LaTeX Info: Redefining \times on input line 63.
LaTeX Info: Redefining \bra on input line 65.
LaTeX Info: Redefining \ket on input line 67.
LaTeX Info: Redefining \braket on input line 69.
LaTeX Info: Redefining \Im on input line 178.
LaTeX Info: Redefining \Re on input line 179.
LaTeX Info: Redefining \d on input line 240.
LaTeX Info: Redefining \exclude on input line 247.
)
LaTeX Info: Redefining \mymath on input line 31.

(/usr/share/texlive/texmf-dist/tex/latex/manualclassinput/abhep.sty
Package: abhep 2005/01/17

(/usr/share/texlive/texmf-dist/tex/latex/cancel/cancel.sty
Package: cancel 2013/04/12 v2.2 Cancel math terms
)
(/usr/share/texlive/texmf-dist/tex/latex/manualclassinput/abhepexpt.sty
Package: abhepexpt 2005/08/22

(/usr/share/texlive/texmf-dist/tex/latex/relsize/relsize.sty
Package: relsize 2013/03/29 ver 4.1
))
(/usr/share/texlive/texmf-dist/tex/latex/manualclassinput/hepnicenames.sty
Package: hepnicenames 2014/12/01 Friendly alternatives to the PEN particle code
s (version 2.0)

(/usr/share/texlive/texmf-dist/tex/latex/manualclassinput/heppennames.sty
Package: heppennames 2014/12/01 Elementary Particle Naming Scheme (version 2.0)


(/usr/share/texlive/texmf-dist/tex/latex/manualclassinput/hepparticles.sty
Package: hepparticles 2014/12/01 HEP particle typesetting (v2.0)

(/usr/share/texlive/texmf-dist/tex/latex/subdepth/subdepth.sty
Package: subdepth 2007/09/02 v0.1 Unify subscript depths
)
LaTeX Font Info:    Overwriting math alphabet `\mathup' in version `bold'
(Font)                  OT1/ppl/m/n --> T1/ppl/bx/n on input line 110.
LaTeX Font Info:    Overwriting math alphabet `\mathsfup' in version `bold'
(Font)                  OT1/cmss/m/n --> T1/cmss/bx/n on input line 113.
LaTeX Font Info:    Overwriting math alphabet `\mathsfit' in version `bold'
(Font)                  T1/cmss/m/sl --> T1/cmss/bx/sl on input line 116.
)))
(/usr/share/texlive/texmf-dist/tex/latex/manualclassinput/hepunits.sty
Package: hepunits 2007/09/27 High-energy physics units by Andy Buckley (v1.1.1)


(/usr/share/texlive/texmf-dist/tex/latex/manualclassinput/SIunits.sty
Package: SIunits 2007/12/02 v1.36 Support for the International System of units
 (MH)


\@qskwidth=\skip86
\symgreek=\mathgroup10

Package SIunits Warning: You have no `SIunits.cfg' file installed. 
(SIunits)                I will assume you are using `thickspace' and `thickqsp
ace'.

LaTeX Info: Redefining \usk on input line 575.
Option `thickspace' provided!
LaTeX Info: Redefining \@qsk on input line 575.
Option `thickqspace' provided!
LaTeX Info: Redefining \usk on input line 576.
Option `mediumspace' provided!
LaTeX Info: Redefining \@qsk on input line 576.
Option `thickqspace' provided!
Option `textstyle' provided!
Option `squaren' provided!
))
\CKMPairWidth=\skip87
LaTeX Font Info:    Try loading font information for OT1+ppl on input line 157.

 (/usr/share/texlive/texmf-dist/tex/latex/psnfss/ot1ppl.fd
File: ot1ppl.fd 2001/06/04 font definitions for OT1/ppl.
)
LaTeX Font Info:    Try loading font information for OML+zplm on input line 157
.

(/usr/share/texlive/texmf-dist/tex/latex/psnfss/omlzplm.fd
File: omlzplm.fd 2002/09/08 Fontinst v1.914 font definitions for OML/zplm.
)
LaTeX Font Info:    Try loading font information for OMS+zplm on input line 157
.

(/usr/share/texlive/texmf-dist/tex/latex/psnfss/omszplm.fd
File: omszplm.fd 2002/09/08 Fontinst v1.914 font definitions for OMS/zplm.
)
LaTeX Font Info:    Try loading font information for OMX+zplm on input line 157
.

(/usr/share/texlive/texmf-dist/tex/latex/psnfss/omxzplm.fd
File: omxzplm.fd 2002/09/08 Fontinst v1.914 font definitions for OMX/zplm.
)
LaTeX Font Info:    Try loading font information for OT1+zplm on input line 157
.

(/usr/share/texlive/texmf-dist/tex/latex/psnfss/ot1zplm.fd
File: ot1zplm.fd 2002/09/08 Fontinst v1.914 font definitions for OT1/zplm.
)
LaTeX Font Info:    Try loading font information for U+rsfs on input line 157.

(/usr/share/texlive/texmf-dist/tex/latex/jknapltx/ursfs.fd
File: ursfs.fd 1998/03/24 rsfs font definition file (jk)
))
(/usr/share/texlive/texmf-dist/tex/latex/manualclassinput/hepnames.sty
Package: hepnames 2014/12/01 Pre-defined HEP particle symbols (version 2.0)
)
LaTeX Info: Redefining \CP on input line 58.
LaTeX Info: Redefining \CPv on input line 60.
LaTeX Info: Redefining \LHCb on input line 61.
LaTeX Info: Redefining \LHC on input line 62.
LaTeX Info: Redefining \LEP on input line 63.
LaTeX Info: Redefining \CERN on input line 64.

(/usr/share/texlive/texmf-dist/tex/latex/adjustbox/adjustbox.sty
Package: adjustbox 2012/05/21 v1.0 Adjusting TeX boxes (trim, clip, ...)

(/usr/share/texlive/texmf-dist/tex/latex/xkeyval/xkeyval.sty
Package: xkeyval 2014/12/03 v2.7a package option processing (HA)

(/usr/share/texlive/texmf-dist/tex/generic/xkeyval/xkeyval.tex
(/usr/share/texlive/texmf-dist/tex/generic/xkeyval/xkvutils.tex
\XKV@toks=\toks41
\XKV@tempa@toks=\toks42
)
\XKV@depth=\count161
File: xkeyval.tex 2014/12/03 v2.7a key=value parser (HA)
))
(/usr/share/texlive/texmf-dist/tex/latex/adjustbox/adjcalc.sty
Package: adjcalc 2012/05/16 v1.1 Provides advanced setlength with multiple back
-ends (calc, etex, pgfmath)
)
(/usr/share/texlive/texmf-dist/tex/latex/adjustbox/trimclip.sty
Package: trimclip 2012/05/16 v1.0 Trim and clip general TeX material

(/usr/share/texlive/texmf-dist/tex/latex/collectbox/collectbox.sty
Package: collectbox 2012/05/17 v0.4b Collect macro arguments as boxes
\collectedbox=\box49
)
\tc@llx=\dimen198
\tc@lly=\dimen199
\tc@urx=\dimen256
\tc@ury=\dimen257
Package trimclip Info: Using driver 'tc-pdftex.def'.

(/usr/share/texlive/texmf-dist/tex/latex/adjustbox/tc-pdftex.def
File: tc-pdftex.def 2012/05/13 v1.0 Clipping driver for pdftex
))
\adjbox@Width=\dimen258
\adjbox@Height=\dimen259
\adjbox@Depth=\dimen260
\adjbox@Totalheight=\dimen261

(/usr/share/texlive/texmf-dist/tex/latex/ifoddpage/ifoddpage.sty
Package: ifoddpage 2011/09/13 v1.0 Conditionals for odd/even page detection
\c@checkoddpage=\count162
LaTeX Info: Redefining \checkoddpage on input line 25.
)))
(/usr/share/texlive/texmf-dist/tex/latex/floatrow/floatrow.sty
Package: floatrow 2008/08/02 v0.3b floatrow: float package extension
\c@float@type=\count163
\float@exts=\toks43
\float@box=\box50
\@floatcapt=\box51
Package floatrow Info: Modified float package code loaded on input line 455.
Package floatrow Info: Modified rotfloat package code loaded on input line 473.

\FR@everyfloat=\toks44
\flrow@foot=\insert252
\FB@wd=\dimen262
\FBo@wd=\dimen263
\FBc@wd=\dimen264
\FBo@ht=\skip88
\FBc@ht=\skip89
\FBf@ht=\skip90
\FBo@max=\skip91
\FBc@max=\skip92
\FBf@max=\skip93
\c@FBl@b=\count164
\floatbox@depth=\count165
\c@FRobj=\count166
\c@FRsobj=\count167
\Xhsize=\skip94
\sXhsize=\skip95
\Zhsize=\skip96
\sZhsize=\skip97
\flrow@rowbox=\box52
\FR@Zunitlength=\dimen265
\c@FBcnt=\count168
\FPOScnt=\count169
\LTleft=\skip98
\LTright=\skip99
\LTleft=\skip100
\LTright=\skip101
\flrow@types=\toks45
)
(/usr/share/texlive/texmf-dist/tex/latex/csquotes/csquotes.sty
Package: csquotes 2016/01/31 v5.1g context-sensitive quotations (JAW)
\csq@reset=\count170
\csq@gtype=\count171
\csq@glevel=\count172
\csq@qlevel=\count173
\csq@maxlvl=\count174
\csq@tshold=\count175
\csq@ltx@everypar=\toks46

(/usr/share/texlive/texmf-dist/tex/latex/csquotes/csquotes.def
File: csquotes.def 2016/01/31 v5.1g csquotes generic definitions (JAW)
)
Package csquotes Info: Trying to load configuration file 'csquotes.cfg'...
Package csquotes Info: ... configuration file loaded successfully.

(/usr/share/texlive/texmf-dist/tex/latex/csquotes/csquotes.cfg
File: csquotes.cfg 
)
Package csquotes Info: Enabling multilingual quotes.
)
(/usr/share/texlive/texmf-dist/tex/latex/hyperref/hyperref.sty
Package: hyperref 2012/11/06 v6.83m Hypertext links for LaTeX

(/usr/share/texlive/texmf-dist/tex/generic/oberdiek/hobsub-hyperref.sty
Package: hobsub-hyperref 2012/05/28 v1.13 Bundle oberdiek, subset hyperref (HO)


(/usr/share/texlive/texmf-dist/tex/generic/oberdiek/hobsub-generic.sty
Package: hobsub-generic 2012/05/28 v1.13 Bundle oberdiek, subset generic (HO)
Package: hobsub 2012/05/28 v1.13 Construct package bundles (HO)
Package hobsub Info: Skipping package `infwarerr' (already loaded).
Package hobsub Info: Skipping package `ltxcmds' (already loaded).
Package hobsub Info: Skipping package `ifluatex' (already loaded).
Package: ifvtex 2010/03/01 v1.5 Detect VTeX and its facilities (HO)
Package ifvtex Info: VTeX not detected.
Package: intcalc 2007/09/27 v1.1 Expandable calculations with integers (HO)
Package: ifpdf 2011/01/30 v2.3 Provides the ifpdf switch (HO)
Package ifpdf Info: pdfTeX in PDF mode is detected.
Package hobsub Info: Skipping package `etexcmds' (already loaded).
Package hobsub Info: Skipping package `kvsetkeys' (already loaded).
Package: kvdefinekeys 2011/04/07 v1.3 Define keys (HO)
Package: pdftexcmds 2011/11/29 v0.20 Utility functions of pdfTeX for LuaTeX (HO
)
Package pdftexcmds Info: LuaTeX not detected.
Package pdftexcmds Info: \pdf@primitive is available.
Package pdftexcmds Info: \pdf@ifprimitive is available.
Package pdftexcmds Info: \pdfdraftmode found.
Package: pdfescape 2011/11/25 v1.13 Implements pdfTeX's escape features (HO)
Package: bigintcalc 2012/04/08 v1.3 Expandable calculations on big integers (HO
)
Package: bitset 2011/01/30 v1.1 Handle bit-vector datatype (HO)
Package: uniquecounter 2011/01/30 v1.2 Provide unlimited unique counter (HO)
)
Package hobsub Info: Skipping package `hobsub' (already loaded).
Package: letltxmacro 2010/09/02 v1.4 Let assignment for LaTeX macros (HO)
Package: hopatch 2012/05/28 v1.2 Wrapper for package hooks (HO)
Package: xcolor-patch 2011/01/30 xcolor patch
Package: atveryend 2011/06/30 v1.8 Hooks at the very end of document (HO)
Package: atbegshi 2011/10/05 v1.16 At begin shipout hook (HO)
Package: refcount 2011/10/16 v3.4 Data extraction from label references (HO)
Package: hycolor 2011/01/30 v1.7 Color options for hyperref/bookmark (HO)
)
(/usr/share/texlive/texmf-dist/tex/generic/ifxetex/ifxetex.sty
Package: ifxetex 2010/09/12 v0.6 Provides ifxetex conditional
)
(/usr/share/texlive/texmf-dist/tex/latex/oberdiek/auxhook.sty
Package: auxhook 2011/03/04 v1.3 Hooks for auxiliary files (HO)
)
\@linkdim=\dimen266
\Hy@linkcounter=\count176
\Hy@pagecounter=\count177

(/usr/share/texlive/texmf-dist/tex/latex/hyperref/pd1enc.def
File: pd1enc.def 2012/11/06 v6.83m Hyperref: PDFDocEncoding definition (HO)
)
\Hy@SavedSpaceFactor=\count178

(/usr/share/texlive/texmf-dist/tex/latex/latexconfig/hyperref.cfg
File: hyperref.cfg 2002/06/06 v1.2 hyperref configuration of TeXLive
)
Package hyperref Info: Option `colorlinks' set `true' on input line 4319.
Package hyperref Info: Option `bookmarks' set `true' on input line 4319.
Package hyperref Info: Option `plainpages' set `false' on input line 4319.
Package hyperref Info: Hyper figures OFF on input line 4443.
Package hyperref Info: Link nesting OFF on input line 4448.
Package hyperref Info: Hyper index ON on input line 4451.
Package hyperref Info: Plain pages OFF on input line 4458.
Package hyperref Info: Backreferencing OFF on input line 4463.
Package hyperref Info: Implicit mode ON; LaTeX internals redefined.
Package hyperref Info: Bookmarks ON on input line 4688.
\c@Hy@tempcnt=\count179

(/usr/share/texlive/texmf-dist/tex/latex/url/url.sty
\Urlmuskip=\muskip11
Package: url 2013/09/16  ver 3.4  Verb mode for urls, etc.
)
LaTeX Info: Redefining \url on input line 5041.
\XeTeXLinkMargin=\dimen267
\Fld@menulength=\count180
\Field@Width=\dimen268
\Fld@charsize=\dimen269
Package hyperref Info: Hyper figures OFF on input line 6295.
Package hyperref Info: Link nesting OFF on input line 6300.
Package hyperref Info: Hyper index ON on input line 6303.
Package hyperref Info: backreferencing OFF on input line 6310.
Package hyperref Info: Link coloring ON on input line 6313.
Package hyperref Info: Link coloring with OCG OFF on input line 6320.
Package hyperref Info: PDF/A mode OFF on input line 6325.
LaTeX Info: Redefining \ref on input line 6365.
LaTeX Info: Redefining \pageref on input line 6369.
\Hy@abspage=\count181
\c@Item=\count182
\c@Hfootnote=\count183
)

Package hyperref Message: Driver (autodetected): hpdftex.

(/usr/share/texlive/texmf-dist/tex/latex/hyperref/hpdftex.def
File: hpdftex.def 2012/11/06 v6.83m Hyperref driver for pdfTeX
\Fld@listcount=\count184
\c@bookmark@seq@number=\count185

(/usr/share/texlive/texmf-dist/tex/latex/oberdiek/rerunfilecheck.sty
Package: rerunfilecheck 2011/04/15 v1.7 Rerun checks for auxiliary files (HO)
Package uniquecounter Info: New unique counter `rerunfilecheck' on input line 2
82.
)
\Hy@SectionHShift=\skip102
)

LaTeX Warning: Unused global option(s):
    [usenames].

(./example.aux)
\openout1 = `example.aux'.

LaTeX Font Info:    Checking defaults for OML/cmm/m/it on input line 51.
LaTeX Font Info:    ... okay on input line 51.
LaTeX Font Info:    Checking defaults for T1/cmr/m/n on input line 51.
LaTeX Font Info:    ... okay on input line 51.
LaTeX Font Info:    Checking defaults for OT1/cmr/m/n on input line 51.
LaTeX Font Info:    ... okay on input line 51.
LaTeX Font Info:    Checking defaults for OMS/cmsy/m/n on input line 51.
LaTeX Font Info:    ... okay on input line 51.
LaTeX Font Info:    Checking defaults for OMX/cmex/m/n on input line 51.
LaTeX Font Info:    ... okay on input line 51.
LaTeX Font Info:    Checking defaults for U/cmr/m/n on input line 51.
LaTeX Font Info:    ... okay on input line 51.
LaTeX Font Info:    Checking defaults for TS1/cmr/m/n on input line 51.
LaTeX Font Info:    Try loading font information for TS1+cmr on input line 51.
 (/usr/share/texlive/texmf-dist/tex/latex/base/ts1cmr.fd
File: ts1cmr.fd 2014/09/29 v2.5h Standard LaTeX font definitions
)
LaTeX Font Info:    ... okay on input line 51.
LaTeX Font Info:    Checking defaults for PD1/pdf/m/n on input line 51.
LaTeX Font Info:    ... okay on input line 51.
LaTeX Font Info:    Try loading font information for T1+ppl on input line 51.

(/usr/share/texlive/texmf-dist/tex/latex/psnfss/t1ppl.fd
File: t1ppl.fd 2001/06/04 font definitions for T1/ppl.
)
LaTeX Info: Redefining \microtypecontext on input line 51.
Package microtype Info: Generating PDF output.
Package microtype Info: Character protrusion enabled (level 2).
Package microtype Info: Using default protrusion set `alltext'.
Package microtype Info: Automatic font expansion enabled (level 2),
(microtype)             stretch: 20, shrink: 20, step: 1, non-selected.
Package microtype Info: Using default expansion set `basictext'.
Package microtype Info: No adjustment of tracking.
Package microtype Info: No adjustment of interword spacing.
Package microtype Info: No adjustment of character kerning.

(/usr/share/texlive/texmf-dist/tex/latex/microtype/mt-ppl.cfg
File: mt-ppl.cfg 2005/11/16 v1.6 microtype config. file: Palatino (RS)
)
(/usr/share/texlive/texmf-dist/tex/context/base/supp-pdf.mkii
[Loading MPS to PDF converter (version 2006.09.02).]
\scratchcounter=\count186
\scratchdimen=\dimen270
\scratchbox=\box53
\nofMPsegments=\count187
\nofMParguments=\count188
\everyMPshowfont=\toks47
\MPscratchCnt=\count189
\MPscratchDim=\dimen271
\MPnumerator=\count190
\makeMPintoPDFobject=\count191
\everyMPtoPDFconversion=\toks48
) (/usr/share/texlive/texmf-dist/tex/latex/oberdiek/epstopdf-base.sty
Package: epstopdf-base 2010/02/09 v2.5 Base part for package epstopdf

(/usr/share/texlive/texmf-dist/tex/latex/oberdiek/grfext.sty
Package: grfext 2010/08/19 v1.1 Manage graphics extensions (HO)
)
Package grfext Info: Graphics extension search list:
(grfext)             [.png,.pdf,.jpg,.mps,.jpeg,.jbig2,.jb2,.PNG,.PDF,.JPG,.JPE
G,.JBIG2,.JB2,.eps]
(grfext)             \AppendGraphicsExtensions on input line 452.

(/usr/share/texlive/texmf-dist/tex/latex/latexconfig/epstopdf-sys.cfg
File: epstopdf-sys.cfg 2010/07/13 v1.3 Configuration of (r)epstopdf for TeX Liv
e
))
Package caption Info: Begin \AtBeginDocument code.
Package caption Info: floatrow package is loaded.
Package caption Info: float package is loaded.
Package caption Info: floatrow package is loaded.
Package caption Info: hyperref package is loaded.
Package caption Info: sidecap package is loaded.
Package caption Info: wrapfig package is loaded.
Package caption Info: End \AtBeginDocument code.

ABD: EveryShipout initializing macros
(/usr/share/texlive/texmf-dist/tex/latex/ms/ragged2e.sty
Package: ragged2e 2009/05/21 v2.1 ragged2e Package (MS)

(/usr/share/texlive/texmf-dist/tex/latex/ms/everysel.sty
Package: everysel 2011/10/28 v1.2 EverySelectfont Package (MS)

ABD: EverySelectfont initializing macros
LaTeX Info: Redefining \selectfont on input line 126.
)
\CenteringLeftskip=\skip103
\RaggedLeftLeftskip=\skip104
\RaggedRightLeftskip=\skip105
\CenteringRightskip=\skip106
\RaggedLeftRightskip=\skip107
\RaggedRightRightskip=\skip108
\CenteringParfillskip=\skip109
\RaggedLeftParfillskip=\skip110
\RaggedRightParfillskip=\skip111
\JustifyingParfillskip=\skip112
\CenteringParindent=\skip113
\RaggedLeftParindent=\skip114
\RaggedRightParindent=\skip115
\JustifyingParindent=\skip116
)
Option `squaren' provided! 
 Command \squaren defined by SIunits package!

LaTeX Info: Redefining \micro on input line 51.
\AtBeginShipoutBox=\box54
Package hyperref Info: Link coloring ON on input line 51.
(/usr/share/texlive/texmf-dist/tex/latex/hyperref/nameref.sty
Package: nameref 2012/10/27 v2.43 Cross-referencing by name of section

(/usr/share/texlive/texmf-dist/tex/generic/oberdiek/gettitlestring.sty
Package: gettitlestring 2010/12/03 v1.4 Cleanup title references (HO)
)
\c@section@level=\count192
)
LaTeX Info: Redefining \ref on input line 51.
LaTeX Info: Redefining \pageref on input line 51.
LaTeX Info: Redefining \nameref on input line 51.

(./example.out) (./example.out)
\@outlinefile=\write5
\openout5 = `example.out'.

 Processing 'frontmatter' comment.
\c@iterlist=\count193
\openout3 = `comment.cut'.


Comment 'frontmatter' writing to comment.cut. Straight input of comment.cut.
(./comment.cut
Package microtype Info: Loading generic settings for font family
(microtype)             `zplm' (encoding: OT1).
(microtype)             For optimal results, create family-specific settings.
(microtype)             See the microtype manual for details.
 (/usr/share/texlive/texmf-dist/tex/latex/microtype/mt-eur.cfg
File: mt-eur.cfg 2006/07/31 v1.1 microtype config. file: AMS Euler Roman (RS)
)
LaTeX Font Info:    Try loading font information for T1+cmss on input line 5.

(/usr/share/texlive/texmf-dist/tex/latex/base/t1cmss.fd
File: t1cmss.fd 2014/09/29 v2.5h Standard LaTeX font definitions
)
Package microtype Info: Loading generic settings for font family
(microtype)             `cmss' (encoding: T1).
(microtype)             For optimal results, create family-specific settings.
(microtype)             See the microtype manual for details.
 [1



{/var/lib/texmf/fonts/map/pdftex/updmap/pdftex.map}] (./seals.tex
<figs/seal_bw2.pdf, id=225, 229.61578pt x 290.686pt>
File: figs/seal_bw2.pdf Graphic file (type pdf)
 <use figs/seal_bw2.pdf>
Package pdftex.def Info: figs/seal_bw2.pdf used on input line 4.
(pdftex.def)             Requested size: 298.50047pt x 377.89174pt.

<figs/uboone.png, id=226, 326.21875pt x 102.3825pt>
File: figs/uboone.png Graphic file (type png)
 <use figs/uboone.png>
Package pdftex.def Info: figs/uboone.png used on input line 4.
(pdftex.def)             Requested size: 97.86636pt x 30.71498pt.

<figs/nsf2.pdf, id=228, 614.295pt x 794.97pt>
File: figs/nsf2.pdf Graphic file (type pdf)
 <use figs/nsf2.pdf>
Package pdftex.def Info: figs/nsf2.pdf used on input line 4.
(pdftex.def)             Requested size: 92.14026pt x 119.24036pt.
 [2

 <./figs/seal_bw2.pdf> <./figs/uboone.png> <./figs/nsf2.pdf>]) (./frontmatter.t
ex
LaTeX Font Info:    Font shape `T1/ppl/bx/n' in size <12> not available
(Font)              Font shape `T1/ppl/b/n' tried instead on input line 8.
 [3

]
[4

]
LaTeX Font Info:    Font shape `T1/ppl/bx/n' in size <20.74> not available
(Font)              Font shape `T1/ppl/b/n' tried instead on input line 8.
 [5] [6

] [7] [8

] [9] [10

]
LaTeX Font Info:    Font shape `T1/ppl/bx/n' in size <24.88> not available
(Font)              Font shape `T1/ppl/b/n' tried instead on input line 55.
Package tocbasic Info: character protrusion at toc deactivated on input line 55
.
 (./example.toc [11]
Overfull \hbox (2.4695pt too wide) in paragraph at lines 46--46
 [][] [][][]\T1/ppl/m/n/12 (-20) Classification of MC data us-ing Se-lec-tion I
 Mod-i-fied CC-Inclusive 
 []


Overfull \hbox (2.4695pt too wide) in paragraph at lines 49--49
 [][] [][][]\T1/ppl/m/n/12 (-20) Classification of MC data us-ing Se-lec-tion I
 Mod-i-fied CC-Inclusive 
 []

[12])
\tf@toc=\write6
\openout6 = `example.toc'.

 [13] [14

] (./example.lof [15]
Overfull \hbox (5.67154pt too wide) in paragraph at lines 29--29
 [][] [][][]\T1/ppl/m/n/12 (-20) Description of con-fu-sion ma-trix varables: F
alse pion rate = $\OML/zplm/m/it/12 false^^Y\OT1/zplm/m/n/12 /\OML/zplm/m/it/12
 total^^Y$ 
 []

[16] [17] [18]

LaTeX Warning: Citation `cc-inclusive' on page xix undefined on input line 71.

)
\tf@lof=\write7
\openout7 = `example.lof'.

 [19] [20

] (./example.lot

LaTeX Warning: Citation `cc-inclusive' on page xxi undefined on input line 11.

)
\tf@lot=\write8
\openout8 = `example.lot'.

 [21] [22

] [23])) Processing 'mainmatter' comment.
\openout3 = `comment.cut'.


Comment 'mainmatter' writing to comment.cut. Straight input of comment.cut.
(./comment.cut (./intro.tex [24


]
chapter 1.

Class scrbook Warning: \float@addtolists detected!
(scrbook)              Implementation of \float@addtolist became
(scrbook)              deprecated in KOMA-Script v3.01 2008/11/14 and
(scrbook)              has been replaced by several more flexible
(scrbook)              features of package `tocbasic`.
(scrbook)              Since Version 3.12 support for deprecated
(scrbook)              \float@addtolist interface has been
(scrbook)              restricted to only some of the KOMA-Script
(scrbook)              features and been removed from others.
(scrbook)              Loading of package `scrhack' may help to
(scrbook)              avoid this warning, if you are using a
(scrbook)              a package that still implements the
(scrbook)              deprecated \float@addtolist interface .


LaTeX Warning: Reference `ch:beam' on page 1 undefined on input line 11.

) (./neutrinos.tex [1

] [2

]
chapter 2.
LaTeX Font Info:    Font shape `T1/ppl/bx/n' in size <17.28> not available
(Font)              Font shape `T1/ppl/b/n' tried instead on input line 4.
[3]
LaTeX Font Info:    Font shape `T1/ppl/bx/n' in size <14.4> not available
(Font)              Font shape `T1/ppl/b/n' tried instead on input line 16.
 [4] <figs/solarmodel.jpg, id=709, 469.00218pt x 362.10281pt>
File: figs/solarmodel.jpg Graphic file (type jpg)

<use figs/solarmodel.jpg>
Package pdftex.def Info: figs/solarmodel.jpg used on input line 22.
(pdftex.def)             Requested size: 257.952pt x 199.15715pt.
LaTeX Font Info:    Font shape `T1/ppl/bx/n' in size <10.95> not available
(Font)              Font shape `T1/ppl/b/n' tried instead on input line 23.
 [5 <./figs/solarmodel.jpg>]
<figs/homestake.jpg, id=720, 680.3016pt x 539.616pt>
File: figs/homestake.jpg Graphic file (type jpg)
 <use figs/homestake.jpg>
Package pdftex.def Info: figs/homestake.jpg used on input line 42.
(pdftex.def)             Requested size: 134.4235pt x 106.62033pt.

<figs/kamiokande.jpg, id=721, 276.03125pt x 184.69pt>
File: figs/kamiokande.jpg Graphic file (type jpg)

<use figs/kamiokande.jpg>
Package pdftex.def Info: figs/kamiokande.jpg used on input line 48.
(pdftex.def)             Requested size: 134.4235pt x 89.94371pt.

Underfull \hbox (badness 10000) in paragraph at lines 49--49
[][]|\T1/ppl/m/n/10.95 (+20) Kamiokande Ex-per-i-
 []

<figs/sno.jpg, id=722, 176.66pt x 235.88126pt>
File: figs/sno.jpg Graphic file (type jpg)
 <use figs/sno.jpg>
Package pdftex.def Info: figs/sno.jpg used on input line 54.
(pdftex.def)             Requested size: 134.4235pt x 179.48756pt.
Package hyperref Info: bookmark level for unknown subfigure defaults to 0 on in
put line 58.
 [6] [7 <./figs/homestake.jpg> <./figs/kamiokande.jpg> <./figs/sno.jpg>]
<figs/cosmicray.jpg, id=740, 401.5pt x 197.73875pt>
File: figs/cosmicray.jpg Graphic file (type jpg)
 <use figs/cosmicray.jpg>
Package pdftex.def Info: figs/cosmicray.jpg used on input line 80.
(pdftex.def)             Requested size: 200.7495pt x 98.86913pt.

<figs/ratio.jpg, id=745, 287.57437pt x 94.10156pt>
File: figs/ratio.jpg Graphic file (type jpg)
 <use figs/ratio.jpg>
Package pdftex.def Info: figs/ratio.jpg used on input line 101.
(pdftex.def)             Requested size: 287.57367pt x 94.10132pt.

[8 <./figs/cosmicray.jpg>]
<figs/mixingangle.jpg, id=754, 224.33812pt x 142.28156pt>
File: figs/mixingangle.jpg Graphic file (type jpg)

<use figs/mixingangle.jpg>
Package pdftex.def Info: figs/mixingangle.jpg used on input line 132.
(pdftex.def)             Requested size: 179.47073pt x 113.8254pt.
 [9 <./figs/ratio.jpg>] [10 <./figs/mixingangle.jpg>]
LaTeX Font Info:    Try loading font information for OMS+ppl on input line 214.

(/usr/share/texlive/texmf-dist/tex/latex/psnfss/omsppl.fd
File: omsppl.fd 
)
LaTeX Font Info:    Font shape `OMS/ppl/m/n' in size <12> not available
(Font)              Font shape `OMS/cmsy/m/n' tried instead on input line 214.
 [11]
Overfull \hbox (0.82588pt too wide) in paragraph at lines 240--240
[] 
 []

[12]) (./MicroBooNE.tex [13] [14

]
chapter 3.

LaTeX Warning: Citation `nygren' on page 15 undefined on input line 5.


LaTeX Warning: Citation `rubbia' on page 15 undefined on input line 5.


LaTeX Warning: Citation `icaraus' on page 15 undefined on input line 5.


LaTeX Warning: Citation `lartpc_cosmic' on page 15 undefined on input line 6.


LaTeX Warning: Citation `lartpc_solar' on page 15 undefined on input line 6.


LaTeX Warning: Citation `lartpc_accelerator' on page 15 undefined on input line
 6.


LaTeX Warning: Citation `argoneut' on page 15 undefined on input line 6.


LaTeX Warning: Citation `sbn' on page 15 undefined on input line 7.


LaTeX Warning: Citation `sbnd' on page 15 undefined on input line 7.


LaTeX Warning: Citation `icarus_t600' on page 15 undefined on input line 7.

[15]

LaTeX Warning: Reference `fig:tpc' on page 16 undefined on input line 11.

[16] [17]

LaTeX Warning: Citation `argoneut' on page 18 undefined on input line 21.


LaTeX Warning: Reference `fig:egamma' on page 18 undefined on input line 21.

[18]

LaTeX Warning: Citation `snews' on page 19 undefined on input line 25.


LaTeX Warning: Citation `noise' on page 19 undefined on input line 27.

[19]

LaTeX Warning: Reference `fig:generator' on page 20 undefined on input line 33.


LaTeX Font Info:    Try loading font information for TS1+ppl on input line 33.
(/usr/share/texlive/texmf-dist/tex/latex/psnfss/ts1ppl.fd
File: ts1ppl.fd 2001/06/04 font definitions for TS1/ppl.
)

Package microtype Warning: Unknown slot number of character
(microtype)                `\textminus '
(microtype)                in font encoding `TS1' in protrusion list
(microtype)                `ppl-textcomp'.


Package microtype Warning: Unknown slot number of character
(microtype)                `\texttrademark '
(microtype)                in font encoding `TS1' in protrusion list
(microtype)                `ppl-textcomp'.


Package microtype Warning: Unknown slot number of character
(microtype)                `\textcopyright '
(microtype)                in font encoding `TS1' in protrusion list
(microtype)                `ppl-textcomp'.


Package microtype Warning: Unknown slot number of character
(microtype)                `\textregistered '
(microtype)                in font encoding `TS1' in protrusion list
(microtype)                `ppl-textcomp'.


Package microtype Warning: Unknown slot number of character
(microtype)                `\textdegree '
(microtype)                in font encoding `TS1' in protrusion list
(microtype)                `ppl-textcomp'.

[20] <figs/lee.png, id=835, 364.36125pt x 435.12563pt>
File: figs/lee.png Graphic file (type png)
 <use figs/lee.png>
Package pdftex.def Info: figs/lee.png used on input line 43.
(pdftex.def)             Requested size: 179.22676pt x 214.03008pt.

<figs/bnbflux.png, id=836, 471.7625pt x 431.6125pt>
File: figs/bnbflux.png Graphic file (type png)
 <use figs/bnbflux.png>
Package pdftex.def Info: figs/bnbflux.png used on input line 49.
(pdftex.def)             Requested size: 179.22676pt x 163.97493pt.
)
(./neutrinoID.tex [21 <./figs/lee.png (PNG copy)> <./figs/bnbflux.png>]
[22

]
chapter 4.
[23] <figs/totalpecut.png, id=853, 725.71124pt x 503.8825pt>
File: figs/totalpecut.png Graphic file (type png)

<use figs/totalpecut.png>
Package pdftex.def Info: figs/totalpecut.png used on input line 12.
(pdftex.def)             Requested size: 179.22676pt x 124.44028pt.

Underfull \hbox (badness 10000) in paragraph at lines 13--13
[][]|\T1/ppl/m/n/10.95 (+20) Ef-fi-ciency for se-lect-ing beam
 []

<figs/totalpe_zoomed.png, id=854, 713.66624pt x 496.85625pt>
File: figs/totalpe_zoomed.png Graphic file (type png)

<use figs/totalpe_zoomed.png>
Package pdftex.def Info: figs/totalpe_zoomed.png used on input line 18.
(pdftex.def)             Requested size: 179.22676pt x 124.77478pt.

Underfull \hbox (badness 10000) in paragraph at lines 19--19
[][]|\T1/ppl/m/n/10.95 (+20) Ef-fi-ciency for se-lect-ing beam
 []


Underfull \hbox (badness 4792) in paragraph at lines 19--19
\T1/ppl/m/n/10.95 (+20) to-tal PE cut. Zoomed into
 []

) (./meas.tex [24 <./figs/totalpecut.png> <./figs/totalpe_zoomed.png>]
chapter 5.

LaTeX Warning: Citation `ccinclusive' on page 25 undefined on input line 5.


LaTeX Warning: Citation `cnn' on page 25 undefined on input line 5.


LaTeX Warning: Citation `mcccinclusive' on page 25 undefined on input line 5.

[25

] <figs/track_distribution.png, id=866, 991.705pt x 747.79375pt>
File: figs/track_distribution.png Graphic file (type png)

<use figs/track_distribution.png>
Package pdftex.def Info: figs/track_distribution.png used on input line 13.
(pdftex.def)             Requested size: 179.22676pt x 135.14476pt.

<figs/efficiencyvsmom.png, id=867, 887.315pt x 652.4375pt>
File: figs/efficiencyvsmom.png Graphic file (type png)

<use figs/efficiencyvsmom.png>
Package pdftex.def Info: figs/efficiencyvsmom.png used on input line 19.
(pdftex.def)             Requested size: 179.22676pt x 131.77937pt.


Package hyperref Warning: Token not allowed in a PDF string (PDFDocEncoding):
(hyperref)                removing `math shift' on input line 28.


Package hyperref Warning: Token not allowed in a PDF string (PDFDocEncoding):
(hyperref)                removing `\@Oldmu' on input line 28.


Package hyperref Warning: Token not allowed in a PDF string (PDFDocEncoding):
(hyperref)                removing `\@Oldpi' on input line 28.


Package hyperref Warning: Token not allowed in a PDF string (PDFDocEncoding):
(hyperref)                removing `math shift' on input line 28.

) (./cnn.tex [26] [27 <./figs/track_distribution.png> <./figs/efficiencyvsmom.p
ng>] [28

]
chapter 6.
<figs/convolution.png, id=885, 610.28pt x 592.2125pt>
File: figs/convolution.png Graphic file (type png)

<use figs/convolution.png>
Package pdftex.def Info: figs/convolution.png used on input line 7.
(pdftex.def)             Requested size: 215.07349pt x 208.70523pt.
 [29] [30 <./figs/convolution.png>]
<figs/facialDetection.png, id=896, 469.755pt x 164.11313pt>
File: figs/facialDetection.png Graphic file (type png)

<use figs/facialDetection.png>
Package pdftex.def Info: figs/facialDetection.png used on input line 17.
(pdftex.def)             Requested size: 403.26366pt x 140.88411pt.
) (./cnn_train.tex [31 <./figs/facialDetection.png>] [32

]
chapter 7.
[33]

LaTeX Warning: Citation `cc-inclusive' on page 34 undefined on input line 19.


Overfull \hbox (122.19907pt too wide) in paragraph at lines 19--20
\T1/ppl/m/n/12 (-20) dataset used to cre-ate these im-ages is the same one used
 in [\T1/ppl/b/n/12 ?\T1/ppl/m/n/12 (-20) ], prod-ge-nie_bnb_nu_cosmic_uboone_m
cc7_reco2.
 []

[34]

LaTeX Warning: Citation `priorwork' on page 35 undefined on input line 22.

[35]
LaTeX Font Info:    Try loading font information for T1+cmtt on input line 28.
 (/usr/share/texlive/texmf-dist/tex/latex/base/t1cmtt.fd
File: t1cmtt.fd 2014/09/29 v2.5h Standard LaTeX font definitions
)
Package microtype Info: Loading generic settings for font family
(microtype)             `cmtt' (encoding: T1).
(microtype)             For optimal results, create family-specific settings.
(microtype)             See the microtype manual for details.


LaTeX Warning: Citation `caffe' on page 36 undefined on input line 45.

<figs/acc_loss_10000_062117.png, id=923, 619.31375pt x 472.76625pt>
File: figs/acc_loss_10000_062117.png Graphic file (type png)

<use figs/acc_loss_10000_062117.png>
Package pdftex.def Info: figs/acc_loss_10000_062117.png used on input line 49.
(pdftex.def)             Requested size: 340.62361pt x 260.02223pt.

<figs/train_confusion-9-14-16.png, id=924, 833.1125pt x 964.60374pt>
File: figs/train_confusion-9-14-16.png Graphic file (type png)

<use figs/train_confusion-9-14-16.png>
Package pdftex.def Info: figs/train_confusion-9-14-16.png used on input line 57
.
(pdftex.def)             Requested size: 179.21739pt x 216.8057pt.

<figs/val_confusion_9-14-16.png, id=925, 971.63pt x 930.47626pt>
File: figs/val_confusion_9-14-16.png Graphic file (type png)

<use figs/val_confusion_9-14-16.png>
Package pdftex.def Info: figs/val_confusion_9-14-16.png used on input line 63.
(pdftex.def)             Requested size: 179.215pt x 216.80202pt.

<figs/mitch_hw.png, id=926, 1672.2475pt x 673.51625pt>
File: figs/mitch_hw.png Graphic file (type png)
 <use figs/mitch_hw.png>
Package pdftex.def Info: figs/mitch_hw.png used on input line 69.
(pdftex.def)             Requested size: 448.06815pt x 180.66995pt.

[36]) (./cnn_results.tex [37 <./figs/acc_loss_10000_062117.png>] [38 <./figs/tr
ain_confusion-9-14-16.png> <./figs/val_confusion_9-14-16.png> <./figs/mitch_hw.
png>]
chapter 8.
<figs/sel1_cuts.png, id=948, 1566.85374pt x 914.41624pt>
File: figs/sel1_cuts.png Graphic file (type png)

<use figs/sel1_cuts.png>
Package pdftex.def Info: figs/sel1_cuts.png used on input line 7.
(pdftex.def)             Requested size: 403.26366pt x 235.34273pt.

<figs/confusion_0621_wrongnorm.png, id=949, 790.955pt x 764.8575pt>
File: figs/confusion_0621_wrongnorm.png Graphic file (type png)

<use figs/confusion_0621_wrongnorm.png>
Package pdftex.def Info: figs/confusion_0621_wrongnorm.png used on input line 1
5.
(pdftex.def)             Requested size: 216.80727pt x 216.80789pt.

Overfull \hbox (15.17545pt too wide) in paragraph at lines 15--16
[][] 
 []

<figs/prob_0706_wrongnorm_sel1.png, id=950, 735.74875pt x 575.14874pt>
File: figs/prob_0706_wrongnorm_sel1.png Graphic file (type png)

<use figs/prob_0706_wrongnorm_sel1.png>
Package pdftex.def Info: figs/prob_0706_wrongnorm_sel1.png used on input line 2
1.
(pdftex.def)             Requested size: 216.80824pt x 216.81236pt.

Overfull \hbox (15.17642pt too wide) in paragraph at lines 21--22
[][] 
 []

<figs/confusion_rightnorm_0621.png, id=951, 1018.80624pt x 887.315pt>
File: figs/confusion_rightnorm_0621.png Graphic file (type png)

<use figs/confusion_rightnorm_0621.png>
Package pdftex.def Info: figs/confusion_rightnorm_0621.png used on input line 2
7.
(pdftex.def)             Requested size: 216.80049pt x 216.80511pt.

Overfull \hbox (15.16867pt too wide) in paragraph at lines 27--28
[][] 
 []

<figs/prob_0706_rightnorm_sel1.png, id=952, 737.75626pt x 554.07pt>
File: figs/prob_0706_rightnorm_sel1.png Graphic file (type png)

<use figs/prob_0706_rightnorm_sel1.png>
Package pdftex.def Info: figs/prob_0706_rightnorm_sel1.png used on input line 3
3.
(pdftex.def)             Requested size: 216.80318pt x 216.80505pt.

Overfull \hbox (15.17136pt too wide) in paragraph at lines 33--34
[][] 
 []


<figs/sel1_trackrange_wrongnorm_acc70_0706.png, id=953, 744.7825pt x 585.18625p
t>
File: figs/sel1_trackrange_wrongnorm_acc70_0706.png Graphic file (type png)
 <use figs/sel1_trackrange_wrongnorm_acc70_0706.png>
Package pdftex.def Info: figs/sel1_trackrange_wrongnorm_acc70_0706.png used on 
input line 45.
(pdftex.def)             Requested size: 216.81099pt x 216.81018pt.

Overfull \hbox (15.17917pt too wide) in paragraph at lines 45--46
[][] 
 []


<figs/sel1_trackrange_rightnorm_acc70_0706.png, id=954, 740.7675pt x 570.13pt>
File: figs/sel1_trackrange_rightnorm_acc70_0706.png Graphic file (type png)

<use figs/sel1_trackrange_rightnorm_acc70_0706.png>
Package pdftex.def Info: figs/sel1_trackrange_rightnorm_acc70_0706.png used on 
input line 51.
(pdftex.def)             Requested size: 216.80643pt x 216.80824pt.

Overfull \hbox (15.1746pt too wide) in paragraph at lines 51--52
[][] 
 []

<figs/sel1_parP_wrongnorm_acc70_0706.png, id=955, 733.74126pt x 558.085pt>
File: figs/sel1_parP_wrongnorm_acc70_0706.png Graphic file (type png)

<use figs/sel1_parP_wrongnorm_acc70_0706.png>
Package pdftex.def Info: figs/sel1_parP_wrongnorm_acc70_0706.png used on input 
line 57.
(pdftex.def)             Requested size: 216.81006pt x 216.80922pt.

Overfull \hbox (15.17824pt too wide) in paragraph at lines 57--58
[][] 
 []

<figs/sel1_parP_rightnorm_acc70_0706.png, id=956, 735.74875pt x 563.10374pt>
File: figs/sel1_parP_rightnorm_acc70_0706.png Graphic file (type png)

<use figs/sel1_parP_rightnorm_acc70_0706.png>
Package pdftex.def Info: figs/sel1_parP_rightnorm_acc70_0706.png used on input 
line 63.
(pdftex.def)             Requested size: 216.80824pt x 216.8085pt.

Overfull \hbox (15.17642pt too wide) in paragraph at lines 63--64
[][] 
 []


LaTeX Warning: Citation `cc-inclusive' on page 39 undefined on input line 72.

[39

] [40 <./figs/sel1_cuts.png>] [41 <./figs/confusion_0621_wrongnorm.png> <./figs
/prob_0706_wrongnorm_sel1.png> <./figs/confusion_rightnorm_0621.png> <./figs/pr
ob_0706_rightnorm_sel1.png>] [42 <./figs/sel1_trackrange_wrongnorm_acc70_0706.p
ng> <./figs/sel1_trackrange_rightnorm_acc70_0706.png> <./figs/sel1_parP_wrongno
rm_acc70_0706.png> <./figs/sel1_parP_rightnorm_acc70_0706.png>]
<figs/cuttable_sel1mod.png, id=997, 736.7525pt x 452.69125pt>
File: figs/cuttable_sel1mod.png Graphic file (type png)

<use figs/cuttable_sel1mod.png>
Package pdftex.def Info: figs/cuttable_sel1mod.png used on input line 80.
(pdftex.def)             Requested size: 358.46039pt x 220.25264pt.


LaTeX Warning: Citation `cc-inclusive' on page 43 undefined on input line 85.

[43 <./figs/cuttable_sel1mod.png>]
<figs/sel1mod_confusion_wrongnorm.png, id=1015, 614.295pt x 639.38875pt>
File: figs/sel1mod_confusion_wrongnorm.png Graphic file (type png)

<use figs/sel1mod_confusion_wrongnorm.png>
Package pdftex.def Info: figs/sel1mod_confusion_wrongnorm.png used on input lin
e 93.
(pdftex.def)             Requested size: 216.80615pt x 216.81367pt.

Overfull \hbox (15.17433pt too wide) in paragraph at lines 93--94
[][] 
 []

<figs/probplot_wrongnorm_selImod.png, id=1016, 733.74126pt x 582.175pt>
File: figs/probplot_wrongnorm_selImod.png Graphic file (type png)

<use figs/probplot_wrongnorm_selImod.png>
Package pdftex.def Info: figs/probplot_wrongnorm_selImod.png used on input line
 99.
(pdftex.def)             Requested size: 216.81006pt x 216.80493pt.

Overfull \hbox (15.17824pt too wide) in paragraph at lines 99--100
[][] 
 []


<figs/sel1mod_trackrange_wrongnorm_acc70_0706.png, id=1017, 741.77126pt x 573.1
4125pt>
File: figs/sel1mod_trackrange_wrongnorm_acc70_0706.png Graphic file (type png)
 <use figs/sel1mod_trackrange_wrongnorm_acc70_0706.png>
Package pdftex.def Info: figs/sel1mod_trackrange_wrongnorm_acc70_0706.png used 
on input line 112.
(pdftex.def)             Requested size: 289.08589pt x 180.67163pt.

<figs/sel1mod_cnn_stackedevent_0707.png, id=1018, 739.76375pt x 565.11125pt>
File: figs/sel1mod_cnn_stackedevent_0707.png Graphic file (type png)

<use figs/sel1mod_cnn_stackedevent_0707.png>
Package pdftex.def Info: figs/sel1mod_cnn_stackedevent_0707.png used on input l
ine 118.
(pdftex.def)             Requested size: 201.62395pt x 144.53691pt.

<figs/sel1mod_original_stackedevents_0707.png, id=1019, 733.74126pt x 559.08875
pt>
File: figs/sel1mod_original_stackedevents_0707.png Graphic file (type png)
 <use figs/sel1mod_original_stackedevents_0707.png>
Package pdftex.def Info: figs/sel1mod_original_stackedevents_0707.png used on i
nput line 124.
(pdftex.def)             Requested size: 201.62833pt x 144.54066pt.

<figs/sel1mod_cnn_trackrange_mupi_acc70_0707.png, id=1020, 737.75626pt x 571.13
374pt>
File: figs/sel1mod_cnn_trackrange_mupi_acc70_0707.png Graphic file (type png)
 <use figs/sel1mod_cnn_trackrange_mupi_acc70_0707.png>
Package pdftex.def Info: figs/sel1mod_cnn_trackrange_mupi_acc70_0707.png used o
n input line 130.
(pdftex.def)             Requested size: 201.62842pt x 144.53476pt.

<figs/sel1mod_original_trackrange_mupi_acc70_0707.png, id=1021, 734.745pt x 551
.05875pt>
File: figs/sel1mod_original_trackrange_mupi_acc70_0707.png Graphic file (type p
ng)
 <use figs/sel1mod_original_trackrange_mupi_acc70_0707.png>
Package pdftex.def Info: figs/sel1mod_original_trackrange_mupi_acc70_0707.png u
sed on input line 136.
(pdftex.def)             Requested size: 201.62386pt x 144.54156pt.


LaTeX Warning: Float too large for page by 12.52388pt on input line 143.

<figs/sel1mod_cnn_trackrange_acc75_0707.png, id=1022, 738.76pt x 551.05875pt>
File: figs/sel1mod_cnn_trackrange_acc75_0707.png Graphic file (type png)

<use figs/sel1mod_cnn_trackrange_acc75_0707.png>
Package pdftex.def Info: figs/sel1mod_cnn_trackrange_acc75_0707.png used on inp
ut line 150.
(pdftex.def)             Requested size: 201.63219pt x 180.67276pt.

<figs/sel1mod_cnn_trackrange_acc80_0707.png, id=1023, 734.745pt x 550.055pt>
File: figs/sel1mod_cnn_trackrange_acc80_0707.png Graphic file (type png)

<use figs/sel1mod_cnn_trackrange_acc80_0707.png>
Package pdftex.def Info: figs/sel1mod_cnn_trackrange_acc80_0707.png used on inp
ut line 156.
(pdftex.def)             Requested size: 201.62386pt x 180.67099pt.

<figs/sel1mod_cnn_trackrange_acc85_0707.png, id=1024, 732.7375pt x 564.1075pt>
File: figs/sel1mod_cnn_trackrange_acc85_0707.png Graphic file (type png)

<use figs/sel1mod_cnn_trackrange_acc85_0707.png>
Package pdftex.def Info: figs/sel1mod_cnn_trackrange_acc85_0707.png used on inp
ut line 162.
(pdftex.def)             Requested size: 201.632pt x 180.67302pt.

<figs/sel1mod_cnn_trackrange_acc90_0707.png, id=1025, 739.76375pt x 564.1075pt>
File: figs/sel1mod_cnn_trackrange_acc90_0707.png Graphic file (type png)
<use figs/sel1mod_cnn_trackrange_acc90_0707.png>
Package pdftex.def Info: figs/sel1mod_cnn_trackrange_acc90_0707.png used on inp
ut line 168.
(pdftex.def)             Requested size: 201.62395pt x 180.67302pt.

<figs/sel1mod_parP_wrongnorm_acc70_0706.png, id=1026, 726.715pt x 560.0925pt>
File: figs/sel1mod_parP_wrongnorm_acc70_0706.png Graphic file (type png)

<use figs/sel1mod_parP_wrongnorm_acc70_0706.png>
Package pdftex.def Info: figs/sel1mod_parP_wrongnorm_acc70_0706.png used on inp
ut line 182.
(pdftex.def)             Requested size: 403.27615pt x 252.9452pt.

<figs/sel1mod_cnn_parP_stackedevents_0707.png, id=1027, 731.73375pt x 555.07375
pt>
File: figs/sel1mod_cnn_parP_stackedevents_0707.png Graphic file (type png)
 <use figs/sel1mod_cnn_parP_stackedevents_0707.png>
Package pdftex.def Info: figs/sel1mod_cnn_parP_stackedevents_0707.png used on i
nput line 188.
(pdftex.def)             Requested size: 201.63493pt x 180.67632pt.

<figs/sel1mod_original_parP_stackedevents_0707.png, id=1028, 731.73375pt x 563.
10374pt>
File: figs/sel1mod_original_parP_stackedevents_0707.png Graphic file (type png)

 <use figs/sel1mod_original_parP_stackedevents_0707.png>
Package pdftex.def Info: figs/sel1mod_original_parP_stackedevents_0707.png used
 on input line 194.
(pdftex.def)             Requested size: 201.63493pt x 180.66945pt.
 [44 <./figs/sel1mod_confusion_wrongnorm.png> <./figs/probplot_wrongnorm_selImo
d.png>]
[45 <./figs/sel1mod_trackrange_wrongnorm_acc70_0706.png> <./figs/sel1mod_cnn_st
ackedevent_0707.png> <./figs/sel1mod_original_stackedevents_0707.png> <./figs/s
el1mod_cnn_trackrange_mupi_acc70_0707.png> <./figs/sel1mod_original_trackrange_
mupi_acc70_0707.png>] [46 <./figs/sel1mod_cnn_trackrange_acc75_0707.png> <./fig
s/sel1mod_cnn_trackrange_acc80_0707.png> <./figs/sel1mod_cnn_trackrange_acc85_0
707.png> <./figs/sel1mod_cnn_trackrange_acc90_0707.png>] [47 <./figs/sel1mod_pa
rP_wrongnorm_acc70_0706.png> <./figs/sel1mod_cnn_parP_stackedevents_0707.png> <
./figs/sel1mod_original_parP_stackedevents_0707.png>]
File: figs/sel1mod_cnn_trackrange_mupi_acc70_0707.png Graphic file (type png)

<use figs/sel1mod_cnn_trackrange_mupi_acc70_0707.png>
Package pdftex.def Info: figs/sel1mod_cnn_trackrange_mupi_acc70_0707.png used o
n input line 208.
(pdftex.def)             Requested size: 201.62842pt x 180.67497pt.

<figs/sel1mod_mupi_trackrange_acc70.png, id=1064, 740.7675pt x 561.09625pt>
File: figs/sel1mod_mupi_trackrange_acc70.png Graphic file (type png)

<use figs/sel1mod_mupi_trackrange_acc70.png>
Package pdftex.def Info: figs/sel1mod_mupi_trackrange_acc70.png used on input l
ine 213.
(pdftex.def)             Requested size: 201.62625pt x 180.66748pt.

<figs/interesting_event.png, id=1065, 500.87125pt x 344.28625pt>
File: figs/interesting_event.png Graphic file (type png)

<use figs/interesting_event.png>
Package pdftex.def Info: figs/interesting_event.png used on input line 225.
(pdftex.def)             Requested size: 134.41927pt x 180.67418pt.

<figs/event2.png, id=1066, 516.93124pt x 442.65375pt>
File: figs/event2.png Graphic file (type png)
 <use figs/event2.png>
Package pdftex.def Info: figs/event2.png used on input line 231.
(pdftex.def)             Requested size: 134.4226pt x 180.67868pt.

<figs/mupievent.png, id=1067, 585.18625pt x 400.49625pt>
File: figs/mupievent.png Graphic file (type png)

<use figs/mupievent.png>
Package pdftex.def Info: figs/mupievent.png used on input line 237.
(pdftex.def)             Requested size: 134.42035pt x 180.67386pt.
 [48] [49 <./figs/sel1mod_mupi_trackrange_acc70.png> <./figs/interesting_event.
png> <./figs/event2.png> <./figs/mupievent.png>]

LaTeX Warning: Citation `cc-inclusive' on page 50 undefined on input line 271.


LaTeX Warning: Citation `cc-inclusive' on page 50 undefined on input line 271.

[50] <figs/purity_sel1mod.png, id=1087, 751.80875pt x 354.32375pt>
File: figs/purity_sel1mod.png Graphic file (type png)

<use figs/purity_sel1mod.png>
Package pdftex.def Info: figs/purity_sel1mod.png used on input line 317.
(pdftex.def)             Requested size: 289.08589pt x 180.67567pt.


LaTeX Warning: Citation `cc-inclusive' on page 51 undefined on input line 318.


LaTeX Warning: Citation `cc-inclusive' on page 51 undefined on input line 318.

<figs/cnn_performance.png, id=1088, 746.79pt x 576.1525pt>
File: figs/cnn_performance.png Graphic file (type png)

<use figs/cnn_performance.png>
Package pdftex.def Info: figs/cnn_performance.png used on input line 324.
(pdftex.def)             Requested size: 216.80284pt x 180.67139pt.
 [51] [52 <./figs/purity_sel1mod.png> <./figs/cnn_performance.png>]) (./data.te
x [53] [54

]
chapter 9.
[55]) (./selImodcompare.tex [56

]
chapter 10.
[57

]) (./conclusion.tex [58

]
chapter 11.
)) Processing 'appendices' comment.
\openout3 = `comment.cut'.


Comment 'appendices' writing to comment.cut. Straight input of comment.cut.
(./comment.cut (./appendices.tex [59

] [60

]
chapter A.

Package hyperref Warning: Token not allowed in a PDF string (PDFDocEncoding):
(hyperref)                removing `math shift' on input line 20.


Package hyperref Warning: Token not allowed in a PDF string (PDFDocEncoding):
(hyperref)                removing `\@Oldalpha' on input line 20.


Package hyperref Warning: Token not allowed in a PDF string (PDFDocEncoding):
(hyperref)                removing `superscript' on input line 20.


Package hyperref Warning: Token not allowed in a PDF string (PDFDocEncoding):
(hyperref)                removing `math shift' on input line 20.

)) Processing 'backmatter' comment.
\openout3 = `comment.cut'.


Comment 'backmatter' writing to comment.cut. Straight input of comment.cut.
(./comment.cut (./backmatter.tex (./example.bbl [61] [62

]))) [63]
Package atveryend Info: Empty hook `BeforeClearDocument' on input line 140.
Package atveryend Info: Empty hook `AfterLastShipout' on input line 140.

(./example.aux)
Package atveryend Info: Executing hook `AtVeryEndDocument' on input line 140.
Package atveryend Info: Executing hook `AtEndAfterFileList' on input line 140.
Package rerunfilecheck Info: File `example.out' has not changed.
(rerunfilecheck)             Checksum: FB38C8F7B8709211CCC73F36CDCA3D27;4039.


LaTeX Warning: There were undefined references.

 ) 
Here is how much of TeX's memory you used:
 30501 strings out of 494953
 541871 string characters out of 6180977
 751519 words of memory out of 5000000
 32548 multiletter control sequences out of 15000+600000
 107064 words of font info for 397 fonts, out of 8000000 for 9000
 14 hyphenation exceptions out of 8191
 75i,19n,80p,2707b,941s stack positions out of 5000i,500n,10000p,200000b,80000s
{/usr/share/texlive/texmf-dist/fonts/enc/dvips/base/8r.enc}{/usr/share/texmf/
fonts/enc/dvips/cm-super/cm-super-t1.enc}</usr/share/texlive/texmf-dist/fonts/t
ype1/public/amsfonts/cm/cmbx10.pfb></usr/share/texlive/texmf-dist/fonts/type1/p
ublic/amsfonts/cm/cmex10.pfb></usr/share/texlive/texmf-dist/fonts/type1/public/
amsfonts/cm/cmmi10.pfb></usr/share/texlive/texmf-dist/fonts/type1/public/amsfon
ts/cm/cmr10.pfb></usr/share/texlive/texmf-dist/fonts/type1/public/amsfonts/cm/c
msy10.pfb></usr/share/texlive/texmf-dist/fonts/type1/public/mathpazo/fplmbi.pfb
></usr/share/texlive/texmf-dist/fonts/type1/public/mathpazo/fplmr.pfb></usr/sha
re/texlive/texmf-dist/fonts/type1/public/mathpazo/fplmri.pfb></usr/share/texmf/
fonts/type1/public/cm-super/sfss0600.pfb></usr/share/texmf/fonts/type1/public/c
m-super/sftt1200.pfb></usr/share/texlive/texmf-dist/fonts/type1/urw/palatino/up
lb8a.pfb></usr/share/texlive/texmf-dist/fonts/type1/urw/palatino/uplbi8a.pfb></
usr/share/texlive/texmf-dist/fonts/type1/urw/palatino/uplr8a.pfb></usr/share/te
xlive/texmf-dist/fonts/type1/urw/palatino/uplr8a.pfb></usr/share/texlive/texmf-
dist/fonts/type1/urw/palatino/uplri8a.pfb>
Output written on example.pdf (87 pages, 4021901 bytes).
PDF statistics:
 1254 PDF objects out of 1440 (max. 8388607)
 1050 compressed objects within 11 object streams
 199 named destinations out of 1000 (max. 500000)
 62129 words of extra memory for PDF output out of 74296 (max. 10000000)

